  [1m[35m (0.2ms)[0m  [1m[34mSELECT pg_try_advisory_lock(4409926373471769045);[0m
  [1m[36mActiveRecord::SchemaMigration Load (0.5ms)[0m  [1m[34mSELECT "schema_migrations".* FROM "schema_migrations"[0m
Migrating to CreateDoses (20170323164029)
  [1m[35m (0.2ms)[0m  [1m[35mBEGIN[0m
  [1m[35m (39.4ms)[0m  [1m[35mCREATE TABLE "doses" ("id" serial primary key, "description" character varying, "cocktail_id" integer, "ingredient_id" integer, "created_at" timestamp NOT NULL, "updated_at" timestamp NOT NULL, CONSTRAINT "fk_rails_48b6f209c2"
FOREIGN KEY ("cocktail_id")
  REFERENCES "cocktails" ("id")
, CONSTRAINT "fk_rails_961afcf26a"
FOREIGN KEY ("ingredient_id")
  REFERENCES "ingredients" ("id")
)[0m
  [1m[35m (0.2ms)[0m  [1m[31mROLLBACK[0m
  [1m[35m (0.4ms)[0m  [1m[34mSELECT pg_advisory_unlock(4409926373471769045)[0m
  [1m[36mActiveRecord::SchemaMigration Load (0.4ms)[0m  [1m[34mSELECT "schema_migrations".* FROM "schema_migrations"[0m
  [1m[35m (0.3ms)[0m  [1m[34mSELECT "ar_internal_metadata"."value" FROM "ar_internal_metadata" WHERE "ar_internal_metadata"."key" = $1[0m  [["key", :environment]]
  [1m[36mActiveRecord::SchemaMigration Load (0.2ms)[0m  [1m[34mSELECT "schema_migrations".* FROM "schema_migrations"[0m
  [1m[35m (0.1ms)[0m  [1m[34mSELECT "ar_internal_metadata"."value" FROM "ar_internal_metadata" WHERE "ar_internal_metadata"."key" = $1[0m  [["key", :environment]]
  [1m[36mActiveRecord::SchemaMigration Load (0.2ms)[0m  [1m[34mSELECT "schema_migrations".* FROM "schema_migrations"[0m
  [1m[35m (0.2ms)[0m  [1m[34mSELECT "ar_internal_metadata"."value" FROM "ar_internal_metadata" WHERE "ar_internal_metadata"."key" = $1[0m  [["key", :environment]]
  [1m[35m (241.8ms)[0m  [1m[35mDROP DATABASE IF EXISTS "mister-cocktail-live-code-boilerplate_development"[0m
  [1m[35m (235.0ms)[0m  [1m[35mDROP DATABASE IF EXISTS "mister-cocktail-live-code-boilerplate_test"[0m
  [1m[35m (5.8ms)[0m  [1m[35mCREATE TABLE "schema_migrations" ("version" character varying PRIMARY KEY)[0m
  [1m[35m (5.2ms)[0m  [1m[35mCREATE TABLE "ar_internal_metadata" ("key" character varying PRIMARY KEY, "value" character varying, "created_at" timestamp NOT NULL, "updated_at" timestamp NOT NULL)[0m
  [1m[35m (0.3ms)[0m  [1m[34mSELECT pg_try_advisory_lock(4409926373471769045);[0m
  [1m[36mActiveRecord::SchemaMigration Load (0.4ms)[0m  [1m[34mSELECT "schema_migrations".* FROM "schema_migrations"[0m
Migrating to CreateCocktails (20160818171655)
  [1m[35m (0.2ms)[0m  [1m[35mBEGIN[0m
  [1m[35m (4.8ms)[0m  [1m[35mCREATE TABLE "cocktails" ("id" serial primary key, "name" character varying, "picture" character varying, "created_at" timestamp NOT NULL, "updated_at" timestamp NOT NULL)[0m
  [1m[35mSQL (0.6ms)[0m  [1m[32mINSERT INTO "schema_migrations" ("version") VALUES ($1) RETURNING "version"[0m  [["version", "20160818171655"]]
  [1m[35m (6.2ms)[0m  [1m[35mCOMMIT[0m
Migrating to CreateIngredients (20160818171704)
  [1m[35m (6.3ms)[0m  [1m[35mBEGIN[0m
  [1m[35m (10.7ms)[0m  [1m[35mCREATE TABLE "ingredients" ("id" serial primary key, "name" character varying, "created_at" timestamp NOT NULL, "updated_at" timestamp NOT NULL)[0m
  [1m[35mSQL (0.4ms)[0m  [1m[32mINSERT INTO "schema_migrations" ("version") VALUES ($1) RETURNING "version"[0m  [["version", "20160818171704"]]
  [1m[35m (1.6ms)[0m  [1m[35mCOMMIT[0m
Migrating to CreateDoses (20170323164029)
  [1m[35m (0.4ms)[0m  [1m[35mBEGIN[0m
  [1m[35m (10.1ms)[0m  [1m[35mCREATE TABLE "doses" ("id" serial primary key, "description" character varying, "cocktail_id" integer, "ingredient_id" integer, "created_at" timestamp NOT NULL, "updated_at" timestamp NOT NULL, CONSTRAINT "fk_rails_48b6f209c2"
FOREIGN KEY ("cocktail_id")
  REFERENCES "cocktails" ("id")
, CONSTRAINT "fk_rails_961afcf26a"
FOREIGN KEY ("ingredient_id")
  REFERENCES "ingredients" ("id")
)[0m
  [1m[35m (1.5ms)[0m  [1m[35mCREATE  INDEX  "index_doses_on_cocktail_id" ON "doses"  ("cocktail_id")[0m
  [1m[35m (1.8ms)[0m  [1m[35mCREATE  INDEX  "index_doses_on_ingredient_id" ON "doses"  ("ingredient_id")[0m
  [1m[35mSQL (0.3ms)[0m  [1m[32mINSERT INTO "schema_migrations" ("version") VALUES ($1) RETURNING "version"[0m  [["version", "20170323164029"]]
  [1m[35m (1.4ms)[0m  [1m[35mCOMMIT[0m
  [1m[36mActiveRecord::InternalMetadata Load (0.3ms)[0m  [1m[34mSELECT  "ar_internal_metadata".* FROM "ar_internal_metadata" WHERE "ar_internal_metadata"."key" = $1 LIMIT $2[0m  [["key", :environment], ["LIMIT", 1]]
  [1m[35m (0.2ms)[0m  [1m[35mBEGIN[0m
  [1m[35mSQL (0.3ms)[0m  [1m[32mINSERT INTO "ar_internal_metadata" ("key", "value", "created_at", "updated_at") VALUES ($1, $2, $3, $4) RETURNING "key"[0m  [["key", "environment"], ["value", "development"], ["created_at", 2017-03-23 16:44:29 UTC], ["updated_at", 2017-03-23 16:44:29 UTC]]
  [1m[35m (1.3ms)[0m  [1m[35mCOMMIT[0m
  [1m[35m (0.3ms)[0m  [1m[34mSELECT pg_advisory_unlock(4409926373471769045)[0m
  [1m[36mActiveRecord::SchemaMigration Load (0.3ms)[0m  [1m[34mSELECT "schema_migrations".* FROM "schema_migrations"[0m
  [1m[35m (2.3ms)[0m  [1m[34mSELECT t2.oid::regclass::text AS to_table, a1.attname AS column, a2.attname AS primary_key, c.conname AS name, c.confupdtype AS on_update, c.confdeltype AS on_delete
FROM pg_constraint c
JOIN pg_class t1 ON c.conrelid = t1.oid
JOIN pg_class t2 ON c.confrelid = t2.oid
JOIN pg_attribute a1 ON a1.attnum = c.conkey[1] AND a1.attrelid = t1.oid
JOIN pg_attribute a2 ON a2.attnum = c.confkey[1] AND a2.attrelid = t2.oid
JOIN pg_namespace t3 ON c.connamespace = t3.oid
WHERE c.contype = 'f'
  AND t1.relname = 'cocktails'
  AND t3.nspname = ANY (current_schemas(false))
ORDER BY c.conname
[0m
  [1m[35m (1.6ms)[0m  [1m[34mSELECT t2.oid::regclass::text AS to_table, a1.attname AS column, a2.attname AS primary_key, c.conname AS name, c.confupdtype AS on_update, c.confdeltype AS on_delete
FROM pg_constraint c
JOIN pg_class t1 ON c.conrelid = t1.oid
JOIN pg_class t2 ON c.confrelid = t2.oid
JOIN pg_attribute a1 ON a1.attnum = c.conkey[1] AND a1.attrelid = t1.oid
JOIN pg_attribute a2 ON a2.attnum = c.confkey[1] AND a2.attrelid = t2.oid
JOIN pg_namespace t3 ON c.connamespace = t3.oid
WHERE c.contype = 'f'
  AND t1.relname = 'doses'
  AND t3.nspname = ANY (current_schemas(false))
ORDER BY c.conname
[0m
  [1m[35m (1.4ms)[0m  [1m[34mSELECT t2.oid::regclass::text AS to_table, a1.attname AS column, a2.attname AS primary_key, c.conname AS name, c.confupdtype AS on_update, c.confdeltype AS on_delete
FROM pg_constraint c
JOIN pg_class t1 ON c.conrelid = t1.oid
JOIN pg_class t2 ON c.confrelid = t2.oid
JOIN pg_attribute a1 ON a1.attnum = c.conkey[1] AND a1.attrelid = t1.oid
JOIN pg_attribute a2 ON a2.attnum = c.confkey[1] AND a2.attrelid = t2.oid
JOIN pg_namespace t3 ON c.connamespace = t3.oid
WHERE c.contype = 'f'
  AND t1.relname = 'ingredients'
  AND t3.nspname = ANY (current_schemas(false))
ORDER BY c.conname
[0m
  [1m[36mActiveRecord::SchemaMigration Load (0.4ms)[0m  [1m[34mSELECT "schema_migrations".* FROM "schema_migrations"[0m
  [1m[36mCocktail Load (0.5ms)[0m  [1m[34mSELECT "cocktails".* FROM "cocktails"[0m
  [1m[36mIngredient Load (0.3ms)[0m  [1m[34mSELECT "ingredients".* FROM "ingredients"[0m
  [1m[35m (0.1ms)[0m  [1m[35mBEGIN[0m
  [1m[35mSQL (0.4ms)[0m  [1m[32mINSERT INTO "ingredients" ("name", "created_at", "updated_at") VALUES ($1, $2, $3) RETURNING "id"[0m  [["name", "lemon"], ["created_at", 2017-03-23 16:44:47 UTC], ["updated_at", 2017-03-23 16:44:47 UTC]]
  [1m[35m (1.4ms)[0m  [1m[35mCOMMIT[0m
  [1m[35m (0.1ms)[0m  [1m[35mBEGIN[0m
  [1m[35mSQL (0.3ms)[0m  [1m[32mINSERT INTO "ingredients" ("name", "created_at", "updated_at") VALUES ($1, $2, $3) RETURNING "id"[0m  [["name", "ice"], ["created_at", 2017-03-23 16:44:47 UTC], ["updated_at", 2017-03-23 16:44:47 UTC]]
  [1m[35m (1.4ms)[0m  [1m[35mCOMMIT[0m
  [1m[35m (0.1ms)[0m  [1m[35mBEGIN[0m
  [1m[35mSQL (0.3ms)[0m  [1m[32mINSERT INTO "ingredients" ("name", "created_at", "updated_at") VALUES ($1, $2, $3) RETURNING "id"[0m  [["name", "mint"], ["created_at", 2017-03-23 16:44:47 UTC], ["updated_at", 2017-03-23 16:44:47 UTC]]
  [1m[35m (1.4ms)[0m  [1m[35mCOMMIT[0m
  [1m[35m (0.1ms)[0m  [1m[35mBEGIN[0m
  [1m[35mSQL (0.3ms)[0m  [1m[32mINSERT INTO "ingredients" ("name", "created_at", "updated_at") VALUES ($1, $2, $3) RETURNING "id"[0m  [["name", "leaves"], ["created_at", 2017-03-23 16:44:47 UTC], ["updated_at", 2017-03-23 16:44:47 UTC]]
  [1m[35m (1.4ms)[0m  [1m[35mCOMMIT[0m
  [1m[35m (0.1ms)[0m  [1m[35mBEGIN[0m
  [1m[35mSQL (0.3ms)[0m  [1m[32mINSERT INTO "ingredients" ("name", "created_at", "updated_at") VALUES ($1, $2, $3) RETURNING "id"[0m  [["name", "redbull"], ["created_at", 2017-03-23 16:44:47 UTC], ["updated_at", 2017-03-23 16:44:47 UTC]]
  [1m[35m (1.3ms)[0m  [1m[35mCOMMIT[0m
  [1m[35m (0.1ms)[0m  [1m[35mBEGIN[0m
  [1m[35mSQL (0.3ms)[0m  [1m[32mINSERT INTO "ingredients" ("name", "created_at", "updated_at") VALUES ($1, $2, $3) RETURNING "id"[0m  [["name", "jagermeister"], ["created_at", 2017-03-23 16:44:47 UTC], ["updated_at", 2017-03-23 16:44:47 UTC]]
  [1m[35m (1.4ms)[0m  [1m[35mCOMMIT[0m
  [1m[35m (0.1ms)[0m  [1m[35mBEGIN[0m
  [1m[35mSQL (0.4ms)[0m  [1m[32mINSERT INTO "ingredients" ("name", "created_at", "updated_at") VALUES ($1, $2, $3) RETURNING "id"[0m  [["name", "sugar"], ["created_at", 2017-03-23 16:44:47 UTC], ["updated_at", 2017-03-23 16:44:47 UTC]]
  [1m[35m (1.4ms)[0m  [1m[35mCOMMIT[0m
  [1m[35m (0.1ms)[0m  [1m[35mBEGIN[0m
  [1m[35mSQL (0.3ms)[0m  [1m[32mINSERT INTO "ingredients" ("name", "created_at", "updated_at") VALUES ($1, $2, $3) RETURNING "id"[0m  [["name", "tonic"], ["created_at", 2017-03-23 16:44:47 UTC], ["updated_at", 2017-03-23 16:44:47 UTC]]
  [1m[35m (1.5ms)[0m  [1m[35mCOMMIT[0m
  [1m[35m (0.1ms)[0m  [1m[35mBEGIN[0m
  [1m[35mSQL (0.3ms)[0m  [1m[32mINSERT INTO "ingredients" ("name", "created_at", "updated_at") VALUES ($1, $2, $3) RETURNING "id"[0m  [["name", "gin"], ["created_at", 2017-03-23 16:44:47 UTC], ["updated_at", 2017-03-23 16:44:47 UTC]]
  [1m[35m (1.3ms)[0m  [1m[35mCOMMIT[0m
  [1m[35m (0.1ms)[0m  [1m[35mBEGIN[0m
  [1m[35mSQL (0.3ms)[0m  [1m[32mINSERT INTO "ingredients" ("name", "created_at", "updated_at") VALUES ($1, $2, $3) RETURNING "id"[0m  [["name", "rhum"], ["created_at", 2017-03-23 16:44:47 UTC], ["updated_at", 2017-03-23 16:44:47 UTC]]
  [1m[35m (1.4ms)[0m  [1m[35mCOMMIT[0m
  [1m[35m (0.2ms)[0m  [1m[35mBEGIN[0m
  [1m[35mSQL (0.3ms)[0m  [1m[32mINSERT INTO "cocktails" ("name", "picture", "created_at", "updated_at") VALUES ($1, $2, $3, $4) RETURNING "id"[0m  [["name", "Old Fashioned"], ["picture", "http://www.seriouseats.com/images/2014/11/20141104-cocktail-party-old-fashioneds-holiday-vicky-wasik-3.jpg"], ["created_at", 2017-03-23 16:44:47 UTC], ["updated_at", 2017-03-23 16:44:47 UTC]]
  [1m[35m (1.4ms)[0m  [1m[35mCOMMIT[0m
  [1m[35m (0.1ms)[0m  [1m[35mBEGIN[0m
  [1m[35mSQL (0.3ms)[0m  [1m[32mINSERT INTO "cocktails" ("name", "picture", "created_at", "updated_at") VALUES ($1, $2, $3, $4) RETURNING "id"[0m  [["name", "Daiquiri"], ["picture", "http://www.seriouseats.com/images/2015/03/20150323-cocktails-vicky-wasik-daiquiri.jpg"], ["created_at", 2017-03-23 16:44:47 UTC], ["updated_at", 2017-03-23 16:44:47 UTC]]
  [1m[35m (1.4ms)[0m  [1m[35mCOMMIT[0m
  [1m[35m (0.1ms)[0m  [1m[35mBEGIN[0m
  [1m[35mSQL (0.3ms)[0m  [1m[32mINSERT INTO "cocktails" ("name", "picture", "created_at", "updated_at") VALUES ($1, $2, $3, $4) RETURNING "id"[0m  [["name", "Margarita"], ["picture", "http://www.seriouseats.com/images/2015/03/20150323-cocktails-vicky-wasik-margarita.jpg"], ["created_at", 2017-03-23 16:44:47 UTC], ["updated_at", 2017-03-23 16:44:47 UTC]]
  [1m[35m (1.3ms)[0m  [1m[35mCOMMIT[0m
  [1m[35m (0.1ms)[0m  [1m[35mBEGIN[0m
  [1m[35mSQL (0.3ms)[0m  [1m[32mINSERT INTO "cocktails" ("name", "picture", "created_at", "updated_at") VALUES ($1, $2, $3, $4) RETURNING "id"[0m  [["name", "Sidecar"], ["picture", "http://www.seriouseats.com/images/2014/11/20141101-cognac-sidecar-carey-jones.jpg"], ["created_at", 2017-03-23 16:44:47 UTC], ["updated_at", 2017-03-23 16:44:47 UTC]]
  [1m[35m (1.2ms)[0m  [1m[35mCOMMIT[0m
  [1m[35m (0.1ms)[0m  [1m[35mBEGIN[0m
  [1m[35mSQL (0.3ms)[0m  [1m[32mINSERT INTO "cocktails" ("name", "picture", "created_at", "updated_at") VALUES ($1, $2, $3, $4) RETURNING "id"[0m  [["name", "French 75"], ["picture", "http://www.seriouseats.com/images/2015/03/20150323-cocktails-vicky-wasik-french75.jpg"], ["created_at", 2017-03-23 16:44:47 UTC], ["updated_at", 2017-03-23 16:44:47 UTC]]
  [1m[35m (1.4ms)[0m  [1m[35mCOMMIT[0m
  [1m[35m (0.1ms)[0m  [1m[35mBEGIN[0m
  [1m[35mSQL (0.3ms)[0m  [1m[32mINSERT INTO "cocktails" ("name", "picture", "created_at", "updated_at") VALUES ($1, $2, $3, $4) RETURNING "id"[0m  [["name", "Bloody Mary"], ["picture", "http://www.seriouseats.com/images/2015/03/twase-20150320-21.jpg"], ["created_at", 2017-03-23 16:44:47 UTC], ["updated_at", 2017-03-23 16:44:47 UTC]]
  [1m[35m (1.2ms)[0m  [1m[35mCOMMIT[0m
  [1m[35m (0.1ms)[0m  [1m[35mBEGIN[0m
  [1m[35mSQL (0.3ms)[0m  [1m[32mINSERT INTO "cocktails" ("name", "picture", "created_at", "updated_at") VALUES ($1, $2, $3, $4) RETURNING "id"[0m  [["name", "Irish Coffee"], ["picture", "http://www.seriouseats.com/images/2015/03/20150323-cocktails-vicky-wasik-irish-coffee.jpg"], ["created_at", 2017-03-23 16:44:47 UTC], ["updated_at", 2017-03-23 16:44:47 UTC]]
  [1m[35m (1.4ms)[0m  [1m[35mCOMMIT[0m
  [1m[35m (0.1ms)[0m  [1m[35mBEGIN[0m
  [1m[35mSQL (0.3ms)[0m  [1m[32mINSERT INTO "cocktails" ("name", "picture", "created_at", "updated_at") VALUES ($1, $2, $3, $4) RETURNING "id"[0m  [["name", "Jack Rose"], ["picture", "http://www.seriouseats.com/images/2015/03/20150323-cocktails-vicky-wasik-jack-rose.jpg"], ["created_at", 2017-03-23 16:44:47 UTC], ["updated_at", 2017-03-23 16:44:47 UTC]]
  [1m[35m (1.2ms)[0m  [1m[35mCOMMIT[0m
  [1m[35m (0.2ms)[0m  [1m[35mBEGIN[0m
  [1m[35mSQL (0.3ms)[0m  [1m[32mINSERT INTO "cocktails" ("name", "picture", "created_at", "updated_at") VALUES ($1, $2, $3, $4) RETURNING "id"[0m  [["name", "Negroni"], ["picture", "http://www.seriouseats.com/images/2015/03/20150323-cocktails-vicky-wasik-negroni.jpg"], ["created_at", 2017-03-23 16:44:47 UTC], ["updated_at", 2017-03-23 16:44:47 UTC]]
  [1m[35m (1.3ms)[0m  [1m[35mCOMMIT[0m
  [1m[35m (0.1ms)[0m  [1m[35mBEGIN[0m
  [1m[35mSQL (0.2ms)[0m  [1m[32mINSERT INTO "cocktails" ("name", "picture", "created_at", "updated_at") VALUES ($1, $2, $3, $4) RETURNING "id"[0m  [["name", "Boulevardier"], ["picture", "http://www.seriouseats.com/images/2015/03/20150323-cocktails-vicky-wasik-boulevardier.jpg"], ["created_at", 2017-03-23 16:44:47 UTC], ["updated_at", 2017-03-23 16:44:47 UTC]]
  [1m[35m (1.3ms)[0m  [1m[35mCOMMIT[0m
  [1m[35m (0.1ms)[0m  [1m[35mBEGIN[0m
  [1m[35mSQL (0.3ms)[0m  [1m[32mINSERT INTO "cocktails" ("name", "picture", "created_at", "updated_at") VALUES ($1, $2, $3, $4) RETURNING "id"[0m  [["name", "Sazerac"], ["picture", "http://www.seriouseats.com/images/2015/03/20150323-cocktails-vicky-wasik-sazerac.jpg"], ["created_at", 2017-03-23 16:44:47 UTC], ["updated_at", 2017-03-23 16:44:47 UTC]]
  [1m[35m (1.4ms)[0m  [1m[35mCOMMIT[0m
  [1m[35m (0.1ms)[0m  [1m[35mBEGIN[0m
  [1m[35mSQL (0.3ms)[0m  [1m[32mINSERT INTO "cocktails" ("name", "picture", "created_at", "updated_at") VALUES ($1, $2, $3, $4) RETURNING "id"[0m  [["name", "Vieux Carré"], ["picture", "http://www.seriouseats.com/images/2015/03/20150323-cocktails-vicky-wasik-vieux-carre.jpg"], ["created_at", 2017-03-23 16:44:47 UTC], ["updated_at", 2017-03-23 16:44:47 UTC]]
  [1m[35m (1.3ms)[0m  [1m[35mCOMMIT[0m
  [1m[35m (0.1ms)[0m  [1m[35mBEGIN[0m
  [1m[35mSQL (0.4ms)[0m  [1m[32mINSERT INTO "cocktails" ("name", "picture", "created_at", "updated_at") VALUES ($1, $2, $3, $4) RETURNING "id"[0m  [["name", "Ramos Gin Fizz"], ["picture", "http://www.seriouseats.com/images/2015/03/20150323-cocktails-robyn-lee-ramos-gin-fizz.jpg"], ["created_at", 2017-03-23 16:44:47 UTC], ["updated_at", 2017-03-23 16:44:47 UTC]]
  [1m[35m (1.4ms)[0m  [1m[35mCOMMIT[0m
  [1m[35m (0.1ms)[0m  [1m[35mBEGIN[0m
  [1m[35mSQL (0.6ms)[0m  [1m[32mINSERT INTO "cocktails" ("name", "picture", "created_at", "updated_at") VALUES ($1, $2, $3, $4) RETURNING "id"[0m  [["name", "Mint Julep"], ["picture", "http://www.seriouseats.com/images/2015/03/20150323-cocktails-vicky-wasik-mint-julep.jpg"], ["created_at", 2017-03-23 16:44:47 UTC], ["updated_at", 2017-03-23 16:44:47 UTC]]
  [1m[35m (1.2ms)[0m  [1m[35mCOMMIT[0m
  [1m[35m (0.1ms)[0m  [1m[35mBEGIN[0m
  [1m[35mSQL (0.3ms)[0m  [1m[32mINSERT INTO "cocktails" ("name", "picture", "created_at", "updated_at") VALUES ($1, $2, $3, $4) RETURNING "id"[0m  [["name", "Whiskey Sour"], ["picture", "http://www.seriouseats.com/images/2015/03/20150323-cocktails-vicky-wasik-whiskey-sour.jpg"], ["created_at", 2017-03-23 16:44:47 UTC], ["updated_at", 2017-03-23 16:44:47 UTC]]
  [1m[35m (1.4ms)[0m  [1m[35mCOMMIT[0m
  [1m[35m (0.1ms)[0m  [1m[35mBEGIN[0m
  [1m[35mSQL (0.3ms)[0m  [1m[32mINSERT INTO "cocktails" ("name", "picture", "created_at", "updated_at") VALUES ($1, $2, $3, $4) RETURNING "id"[0m  [["name", "Mai Tai"], ["picture", "http://www.seriouseats.com/images/2015/03/20150323-cocktails-vicky-wasik-mai-tai.jpg"], ["created_at", 2017-03-23 16:44:47 UTC], ["updated_at", 2017-03-23 16:44:47 UTC]]
  [1m[35m (1.2ms)[0m  [1m[35mCOMMIT[0m
  [1m[35m (0.1ms)[0m  [1m[35mBEGIN[0m
  [1m[35mSQL (0.2ms)[0m  [1m[32mINSERT INTO "cocktails" ("name", "picture", "created_at", "updated_at") VALUES ($1, $2, $3, $4) RETURNING "id"[0m  [["name", "Planter's Punch"], ["picture", "http://www.seriouseats.com/images/2015/04/20150406-cocktails-planters-punch-robyn-lee-1.jpg"], ["created_at", 2017-03-23 16:44:47 UTC], ["updated_at", 2017-03-23 16:44:47 UTC]]
  [1m[35m (1.1ms)[0m  [1m[35mCOMMIT[0m
  [1m[35m (0.1ms)[0m  [1m[35mBEGIN[0m
  [1m[35mSQL (0.2ms)[0m  [1m[32mINSERT INTO "cocktails" ("name", "picture", "created_at", "updated_at") VALUES ($1, $2, $3, $4) RETURNING "id"[0m  [["name", "Pisco Sour"], ["picture", "http://www.seriouseats.com/images/2015/03/20150323-cocktails-vicky-wasik-pisco-sour.jpg"], ["created_at", 2017-03-23 16:44:47 UTC], ["updated_at", 2017-03-23 16:44:47 UTC]]
  [1m[35m (1.4ms)[0m  [1m[35mCOMMIT[0m
  [1m[35m (0.1ms)[0m  [1m[35mBEGIN[0m
  [1m[35mSQL (0.3ms)[0m  [1m[32mINSERT INTO "cocktails" ("name", "picture", "created_at", "updated_at") VALUES ($1, $2, $3, $4) RETURNING "id"[0m  [["name", "Cosmopolitan"], ["picture", "http://www.seriouseats.com/images/2015/03/20150323-cocktails-vicky-wasik-cosmopolitan.jpg"], ["created_at", 2017-03-23 16:44:47 UTC], ["updated_at", 2017-03-23 16:44:47 UTC]]
  [1m[35m (1.2ms)[0m  [1m[35mCOMMIT[0m
  [1m[35m (0.1ms)[0m  [1m[35mBEGIN[0m
  [1m[35mSQL (0.3ms)[0m  [1m[32mINSERT INTO "cocktails" ("name", "picture", "created_at", "updated_at") VALUES ($1, $2, $3, $4) RETURNING "id"[0m  [["name", "Tom Collins"], ["picture", "http://www.seriouseats.com/images/2015/03/20150323-cocktails-vicky-wasik-tom-collins.jpg"], ["created_at", 2017-03-23 16:44:47 UTC], ["updated_at", 2017-03-23 16:44:47 UTC]]
  [1m[35m (1.4ms)[0m  [1m[35mCOMMIT[0m
  [1m[35m (0.1ms)[0m  [1m[35mBEGIN[0m
  [1m[35mSQL (0.2ms)[0m  [1m[32mINSERT INTO "cocktails" ("name", "picture", "created_at", "updated_at") VALUES ($1, $2, $3, $4) RETURNING "id"[0m  [["name", "Last Word"], ["picture", "http://www.seriouseats.com/images/2015/03/20150323-cocktails-vicky-wasik-last-word.jpg"], ["created_at", 2017-03-23 16:44:47 UTC], ["updated_at", 2017-03-23 16:44:47 UTC]]
  [1m[35m (1.4ms)[0m  [1m[35mCOMMIT[0m
  [1m[35m (0.2ms)[0m  [1m[35mBEGIN[0m
  [1m[36mDose Exists (1.1ms)[0m  [1m[34mSELECT  1 AS one FROM "doses" WHERE "doses"."ingredient_id" IS NULL AND "doses"."cocktail_id" IS NULL LIMIT $1[0m  [["LIMIT", 1]]
  [1m[35m (0.2ms)[0m  [1m[31mROLLBACK[0m
Started GET "/" for ::1 at 2017-03-23 17:59:21 +0100
  [1m[36mActiveRecord::SchemaMigration Load (0.4ms)[0m  [1m[34mSELECT "schema_migrations".* FROM "schema_migrations"[0m
Processing by CocktailsController#index as HTML
  Rendering cocktails/index.html.erb within layouts/application
  [1m[36mCocktail Load (1.1ms)[0m  [1m[34mSELECT "cocktails".* FROM "cocktails"[0m
  Rendered cocktails/index.html.erb within layouts/application (20.6ms)
Completed 200 OK in 7702ms (Views: 7678.5ms | ActiveRecord: 4.4ms)


Started GET "/cocktails/15" for ::1 at 2017-03-23 17:59:41 +0100
Processing by CocktailsController#show as HTML
  Parameters: {"id"=>"15"}
  [1m[36mCocktail Load (0.2ms)[0m  [1m[34mSELECT  "cocktails".* FROM "cocktails" WHERE "cocktails"."id" = $1 LIMIT $2[0m  [["id", 15], ["LIMIT", 1]]
  Rendering cocktails/show.html.erb within layouts/application
  Rendered cocktails/show.html.erb within layouts/application (0.6ms)
Completed 200 OK in 25ms (Views: 16.4ms | ActiveRecord: 0.4ms)


Started GET "/cocktails" for ::1 at 2017-03-23 17:59:44 +0100
Processing by CocktailsController#index as HTML
  Rendering cocktails/index.html.erb within layouts/application
  [1m[36mCocktail Load (0.6ms)[0m  [1m[34mSELECT "cocktails".* FROM "cocktails"[0m
  Rendered cocktails/index.html.erb within layouts/application (4.1ms)
Completed 200 OK in 22ms (Views: 20.3ms | ActiveRecord: 0.6ms)


Started GET "/cocktails" for ::1 at 2017-03-23 18:12:05 +0100
Processing by CocktailsController#index as HTML
  Rendering cocktails/index.html.erb within layouts/application
  [1m[36mCocktail Load (0.3ms)[0m  [1m[34mSELECT "cocktails".* FROM "cocktails"[0m
  Rendered cocktails/index.html.erb within layouts/application (7.6ms)
Completed 200 OK in 102ms (Views: 95.3ms | ActiveRecord: 2.2ms)


Started GET "/cocktails/new" for ::1 at 2017-03-23 18:12:07 +0100
Processing by CocktailsController#new as HTML
  Rendering cocktails/new.html.erb within layouts/application
  Rendered cocktails/_form.html.erb (114.1ms)
  Rendered cocktails/new.html.erb within layouts/application (116.4ms)
Completed 200 OK in 134ms (Views: 132.2ms | ActiveRecord: 0.0ms)


Started POST "/cocktails" for ::1 at 2017-03-23 18:12:09 +0100
Processing by CocktailsController#create as HTML
  Parameters: {"utf8"=>"✓", "authenticity_token"=>"CPDDOSjXS/VUP/bBIDxtRQTt4mwbW9kR4LkQnEYir64OlfOkBhPU2rDyniXasA3DLVS+vomFQdAEOL6OCdiQmA==", "cocktail"=>{"name"=>"awdsad"}, "commit"=>"Create Cocktail"}
  [1m[35m (0.1ms)[0m  [1m[35mBEGIN[0m
  [1m[36mCocktail Exists (0.5ms)[0m  [1m[34mSELECT  1 AS one FROM "cocktails" WHERE "cocktails"."name" = $1 LIMIT $2[0m  [["name", "awdsad"], ["LIMIT", 1]]
  [1m[36mCocktail Exists (0.2ms)[0m  [1m[34mSELECT  1 AS one FROM "cocktails" WHERE "cocktails"."picture" IS NULL LIMIT $1[0m  [["LIMIT", 1]]
  [1m[35m (0.1ms)[0m  [1m[31mROLLBACK[0m
  Rendering cocktails/new.html.erb within layouts/application
  Rendered cocktails/_form.html.erb (3.3ms)
  Rendered cocktails/new.html.erb within layouts/application (4.9ms)
Completed 200 OK in 35ms (Views: 21.3ms | ActiveRecord: 1.0ms)


Started POST "/cocktails" for ::1 at 2017-03-23 18:12:09 +0100
Processing by CocktailsController#create as HTML
  Parameters: {"utf8"=>"✓", "authenticity_token"=>"OL8kL39LvHw4qd33xFI8SYWoxQnc45VD/qzWE4alr1I+2hSyUY8jU9xktRM+3lzPrBGZ2049DYIaLXgByV+QZA==", "cocktail"=>{"name"=>"awdsad"}, "commit"=>"Create Cocktail"}
  [1m[35m (0.1ms)[0m  [1m[35mBEGIN[0m
  [1m[36mCocktail Exists (0.5ms)[0m  [1m[34mSELECT  1 AS one FROM "cocktails" WHERE "cocktails"."name" = $1 LIMIT $2[0m  [["name", "awdsad"], ["LIMIT", 1]]
  [1m[36mCocktail Exists (0.4ms)[0m  [1m[34mSELECT  1 AS one FROM "cocktails" WHERE "cocktails"."picture" IS NULL LIMIT $1[0m  [["LIMIT", 1]]
  [1m[35m (0.6ms)[0m  [1m[31mROLLBACK[0m
  Rendering cocktails/new.html.erb within layouts/application
  Rendered cocktails/_form.html.erb (3.4ms)
  Rendered cocktails/new.html.erb within layouts/application (5.0ms)
Completed 200 OK in 31ms (Views: 23.4ms | ActiveRecord: 1.5ms)


Started POST "/cocktails" for ::1 at 2017-03-23 18:12:10 +0100
Processing by CocktailsController#create as HTML
  Parameters: {"utf8"=>"✓", "authenticity_token"=>"lMR738IvbpcTBQxF8xxektj/0VtmMs0dcsiCi1MuU1KSoUtC7OvxuPfIZKEJkD4U8UaNifTsVdyWSSyZHNRsZA==", "cocktail"=>{"name"=>"awdsad"}, "commit"=>"Create Cocktail"}
  [1m[35m (0.1ms)[0m  [1m[35mBEGIN[0m
  [1m[36mCocktail Exists (0.3ms)[0m  [1m[34mSELECT  1 AS one FROM "cocktails" WHERE "cocktails"."name" = $1 LIMIT $2[0m  [["name", "awdsad"], ["LIMIT", 1]]
  [1m[36mCocktail Exists (0.2ms)[0m  [1m[34mSELECT  1 AS one FROM "cocktails" WHERE "cocktails"."picture" IS NULL LIMIT $1[0m  [["LIMIT", 1]]
  [1m[35m (0.1ms)[0m  [1m[31mROLLBACK[0m
  Rendering cocktails/new.html.erb within layouts/application
  Rendered cocktails/_form.html.erb (3.8ms)
  Rendered cocktails/new.html.erb within layouts/application (5.3ms)
Completed 200 OK in 28ms (Views: 23.8ms | ActiveRecord: 0.7ms)


Started POST "/cocktails" for ::1 at 2017-03-23 18:12:11 +0100
Processing by CocktailsController#create as HTML
  Parameters: {"utf8"=>"✓", "authenticity_token"=>"pP2qk1clgS9SHI2vuyB422mQsp0izDlo1BQ7hCEiel2imJoOeeEeALbR5UtBrBhdQCnuT7ASoakwlZWWbthFaw==", "cocktail"=>{"name"=>"awdsad"}, "commit"=>"Create Cocktail"}
  [1m[35m (0.2ms)[0m  [1m[35mBEGIN[0m
  [1m[36mCocktail Exists (0.3ms)[0m  [1m[34mSELECT  1 AS one FROM "cocktails" WHERE "cocktails"."name" = $1 LIMIT $2[0m  [["name", "awdsad"], ["LIMIT", 1]]
  [1m[36mCocktail Exists (0.2ms)[0m  [1m[34mSELECT  1 AS one FROM "cocktails" WHERE "cocktails"."picture" IS NULL LIMIT $1[0m  [["LIMIT", 1]]
  [1m[35m (0.1ms)[0m  [1m[31mROLLBACK[0m
  Rendering cocktails/new.html.erb within layouts/application
  Rendered cocktails/_form.html.erb (2.8ms)
  Rendered cocktails/new.html.erb within layouts/application (4.7ms)
Completed 200 OK in 28ms (Views: 23.2ms | ActiveRecord: 0.8ms)


Started POST "/cocktails" for ::1 at 2017-03-23 18:12:11 +0100
Processing by CocktailsController#create as HTML
  Parameters: {"utf8"=>"✓", "authenticity_token"=>"GIM5HDw2ROGilBTyDAaGlQgkLcgs2D8mCqf6bo5mhsUe5gmBEvLbzkZZfBb2iuYTIZ1xGr4Gp+fuJlR8wZy58w==", "cocktail"=>{"name"=>"awdsad"}, "commit"=>"Create Cocktail"}
  [1m[35m (0.1ms)[0m  [1m[35mBEGIN[0m
  [1m[36mCocktail Exists (0.3ms)[0m  [1m[34mSELECT  1 AS one FROM "cocktails" WHERE "cocktails"."name" = $1 LIMIT $2[0m  [["name", "awdsad"], ["LIMIT", 1]]
  [1m[36mCocktail Exists (0.2ms)[0m  [1m[34mSELECT  1 AS one FROM "cocktails" WHERE "cocktails"."picture" IS NULL LIMIT $1[0m  [["LIMIT", 1]]
  [1m[35m (0.1ms)[0m  [1m[31mROLLBACK[0m
  Rendering cocktails/new.html.erb within layouts/application
  Rendered cocktails/_form.html.erb (3.7ms)
  Rendered cocktails/new.html.erb within layouts/application (5.2ms)
Completed 200 OK in 29ms (Views: 23.5ms | ActiveRecord: 0.8ms)


Started POST "/cocktails" for ::1 at 2017-03-23 18:12:11 +0100
Processing by CocktailsController#create as HTML
  Parameters: {"utf8"=>"✓", "authenticity_token"=>"V7MbvT0mNhYOptTTdbIhIseOeKj6n2zfD+Zwd7HgS5pR1isgE+KpOeprvDePPkGk7jckemhB9B7rZ95l/hp0rA==", "cocktail"=>{"name"=>"awdsad"}, "commit"=>"Create Cocktail"}
  [1m[35m (0.2ms)[0m  [1m[35mBEGIN[0m
  [1m[36mCocktail Exists (0.3ms)[0m  [1m[34mSELECT  1 AS one FROM "cocktails" WHERE "cocktails"."name" = $1 LIMIT $2[0m  [["name", "awdsad"], ["LIMIT", 1]]
  [1m[36mCocktail Exists (0.2ms)[0m  [1m[34mSELECT  1 AS one FROM "cocktails" WHERE "cocktails"."picture" IS NULL LIMIT $1[0m  [["LIMIT", 1]]
  [1m[35m (0.2ms)[0m  [1m[31mROLLBACK[0m
  Rendering cocktails/new.html.erb within layouts/application
  Rendered cocktails/_form.html.erb (4.8ms)
  Rendered cocktails/new.html.erb within layouts/application (6.2ms)
Completed 200 OK in 28ms (Views: 23.1ms | ActiveRecord: 0.8ms)


Started GET "/cocktails" for ::1 at 2017-03-23 18:12:23 +0100
Processing by CocktailsController#index as HTML
  Rendering cocktails/index.html.erb within layouts/application
  [1m[36mCocktail Load (0.3ms)[0m  [1m[34mSELECT "cocktails".* FROM "cocktails"[0m
  Rendered cocktails/index.html.erb within layouts/application (2.6ms)
Completed 200 OK in 20ms (Views: 18.3ms | ActiveRecord: 0.3ms)


Started GET "/cocktails/2" for ::1 at 2017-03-23 18:12:26 +0100
Processing by CocktailsController#show as HTML
  Parameters: {"id"=>"2"}
  [1m[36mCocktail Load (0.2ms)[0m  [1m[34mSELECT  "cocktails".* FROM "cocktails" WHERE "cocktails"."id" = $1 LIMIT $2[0m  [["id", 2], ["LIMIT", 1]]
  Rendering cocktails/show.html.erb within layouts/application
  Rendered cocktails/show.html.erb within layouts/application (7.9ms)
Completed 500 Internal Server Error in 16ms (ActiveRecord: 0.3ms)


DEPRECATION WARNING: #original_exception is deprecated. Use #cause instead. (called from initialize at /usr/local/opt/rbenv/versions/2.3.1/lib/ruby/gems/2.3.0/gems/better_errors-2.1.1/lib/better_errors/raised_exception.rb:7)
DEPRECATION WARNING: #original_exception is deprecated. Use #cause instead. (called from initialize at /usr/local/opt/rbenv/versions/2.3.1/lib/ruby/gems/2.3.0/gems/better_errors-2.1.1/lib/better_errors/raised_exception.rb:8)

NoMethodError - undefined method `model_name' for nil:NilClass:
  actionview (5.0.0.1) lib/action_view/model_naming.rb:9:in `model_name_from_record_or_class'
  actionview (5.0.0.1) lib/action_view/record_identifier.rb:73:in `dom_class'
  simple_form (3.2.1) lib/simple_form/action_view_extensions/form_helper.rb:62:in `simple_form_css_class'
  simple_form (3.2.1) lib/simple_form/action_view_extensions/form_helper.rb:22:in `simple_form_for'
  app/views/cocktails/show.html.erb:5:in `_app_views_cocktails_show_html_erb___3476060428401983447_70209908607080'
  actionview (5.0.0.1) lib/action_view/template.rb:158:in `block in render'
  activesupport (5.0.0.1) lib/active_support/notifications.rb:166:in `instrument'
  actionview (5.0.0.1) lib/action_view/template.rb:348:in `instrument'
  actionview (5.0.0.1) lib/action_view/template.rb:156:in `render'
  actionview (5.0.0.1) lib/action_view/renderer/template_renderer.rb:54:in `block (2 levels) in render_template'
  actionview (5.0.0.1) lib/action_view/renderer/abstract_renderer.rb:42:in `block in instrument'
  activesupport (5.0.0.1) lib/active_support/notifications.rb:164:in `block in instrument'
  activesupport (5.0.0.1) lib/active_support/notifications/instrumenter.rb:21:in `instrument'
  activesupport (5.0.0.1) lib/active_support/notifications.rb:164:in `instrument'
  actionview (5.0.0.1) lib/action_view/renderer/abstract_renderer.rb:41:in `instrument'
  actionview (5.0.0.1) lib/action_view/renderer/template_renderer.rb:53:in `block in render_template'
  actionview (5.0.0.1) lib/action_view/renderer/template_renderer.rb:61:in `render_with_layout'
  actionview (5.0.0.1) lib/action_view/renderer/template_renderer.rb:52:in `render_template'
  actionview (5.0.0.1) lib/action_view/renderer/template_renderer.rb:14:in `render'
  actionview (5.0.0.1) lib/action_view/renderer/renderer.rb:42:in `render_template'
  actionview (5.0.0.1) lib/action_view/renderer/renderer.rb:23:in `render'
  actionview (5.0.0.1) lib/action_view/rendering.rb:103:in `_render_template'
  actionpack (5.0.0.1) lib/action_controller/metal/streaming.rb:217:in `_render_template'
  actionview (5.0.0.1) lib/action_view/rendering.rb:83:in `render_to_body'
  actionpack (5.0.0.1) lib/action_controller/metal/rendering.rb:52:in `render_to_body'
  actionpack (5.0.0.1) lib/action_controller/metal/renderers.rb:144:in `render_to_body'
  actionpack (5.0.0.1) lib/abstract_controller/rendering.rb:26:in `render'
  actionpack (5.0.0.1) lib/action_controller/metal/rendering.rb:36:in `render'
  actionpack (5.0.0.1) lib/action_controller/metal/instrumentation.rb:44:in `block (2 levels) in render'
  activesupport (5.0.0.1) lib/active_support/core_ext/benchmark.rb:12:in `block in ms'
  /usr/local/opt/rbenv/versions/2.3.1/lib/ruby/2.3.0/benchmark.rb:308:in `realtime'
  activesupport (5.0.0.1) lib/active_support/core_ext/benchmark.rb:12:in `ms'
  actionpack (5.0.0.1) lib/action_controller/metal/instrumentation.rb:44:in `block in render'
  actionpack (5.0.0.1) lib/action_controller/metal/instrumentation.rb:87:in `cleanup_view_runtime'
  activerecord (5.0.0.1) lib/active_record/railties/controller_runtime.rb:25:in `cleanup_view_runtime'
  actionpack (5.0.0.1) lib/action_controller/metal/instrumentation.rb:43:in `render'
  actionpack (5.0.0.1) lib/action_controller/metal/implicit_render.rb:36:in `default_render'
  actionpack (5.0.0.1) lib/action_controller/metal/basic_implicit_render.rb:4:in `block in send_action'
  actionpack (5.0.0.1) lib/action_controller/metal/basic_implicit_render.rb:4:in `send_action'
  actionpack (5.0.0.1) lib/abstract_controller/base.rb:188:in `process_action'
  actionpack (5.0.0.1) lib/action_controller/metal/rendering.rb:30:in `process_action'
  actionpack (5.0.0.1) lib/abstract_controller/callbacks.rb:20:in `block in process_action'
  activesupport (5.0.0.1) lib/active_support/callbacks.rb:126:in `call'
  activesupport (5.0.0.1) lib/active_support/callbacks.rb:506:in `block (2 levels) in compile'
  activesupport (5.0.0.1) lib/active_support/callbacks.rb:455:in `call'
  activesupport (5.0.0.1) lib/active_support/callbacks.rb:101:in `__run_callbacks__'
  activesupport (5.0.0.1) lib/active_support/callbacks.rb:750:in `_run_process_action_callbacks'
  activesupport (5.0.0.1) lib/active_support/callbacks.rb:90:in `run_callbacks'
  actionpack (5.0.0.1) lib/abstract_controller/callbacks.rb:19:in `process_action'
  actionpack (5.0.0.1) lib/action_controller/metal/rescue.rb:20:in `process_action'
  actionpack (5.0.0.1) lib/action_controller/metal/instrumentation.rb:32:in `block in process_action'
  activesupport (5.0.0.1) lib/active_support/notifications.rb:164:in `block in instrument'
  activesupport (5.0.0.1) lib/active_support/notifications/instrumenter.rb:21:in `instrument'
  activesupport (5.0.0.1) lib/active_support/notifications.rb:164:in `instrument'
  actionpack (5.0.0.1) lib/action_controller/metal/instrumentation.rb:30:in `process_action'
  actionpack (5.0.0.1) lib/action_controller/metal/params_wrapper.rb:248:in `process_action'
  activerecord (5.0.0.1) lib/active_record/railties/controller_runtime.rb:18:in `process_action'
  actionpack (5.0.0.1) lib/abstract_controller/base.rb:126:in `process'
  actionview (5.0.0.1) lib/action_view/rendering.rb:30:in `process'
  actionpack (5.0.0.1) lib/action_controller/metal.rb:190:in `dispatch'
  actionpack (5.0.0.1) lib/action_controller/metal.rb:262:in `dispatch'
  actionpack (5.0.0.1) lib/action_dispatch/routing/route_set.rb:50:in `dispatch'
  actionpack (5.0.0.1) lib/action_dispatch/routing/route_set.rb:32:in `serve'
  actionpack (5.0.0.1) lib/action_dispatch/journey/router.rb:39:in `block in serve'
  actionpack (5.0.0.1) lib/action_dispatch/journey/router.rb:26:in `serve'
  actionpack (5.0.0.1) lib/action_dispatch/routing/route_set.rb:725:in `call'
  rack (2.0.1) lib/rack/etag.rb:25:in `call'
  rack (2.0.1) lib/rack/conditional_get.rb:25:in `call'
  rack (2.0.1) lib/rack/head.rb:12:in `call'
  rack (2.0.1) lib/rack/session/abstract/id.rb:222:in `context'
  rack (2.0.1) lib/rack/session/abstract/id.rb:216:in `call'
  actionpack (5.0.0.1) lib/action_dispatch/middleware/cookies.rb:613:in `call'
  activerecord (5.0.0.1) lib/active_record/migration.rb:552:in `call'
  actionpack (5.0.0.1) lib/action_dispatch/middleware/callbacks.rb:38:in `block in call'
  activesupport (5.0.0.1) lib/active_support/callbacks.rb:97:in `__run_callbacks__'
  activesupport (5.0.0.1) lib/active_support/callbacks.rb:750:in `_run_call_callbacks'
  activesupport (5.0.0.1) lib/active_support/callbacks.rb:90:in `run_callbacks'
  actionpack (5.0.0.1) lib/action_dispatch/middleware/callbacks.rb:36:in `call'
  actionpack (5.0.0.1) lib/action_dispatch/middleware/executor.rb:12:in `call'
  actionpack (5.0.0.1) lib/action_dispatch/middleware/remote_ip.rb:79:in `call'
  better_errors (2.1.1) lib/better_errors/middleware.rb:84:in `protected_app_call'
  better_errors (2.1.1) lib/better_errors/middleware.rb:79:in `better_errors_call'
  better_errors (2.1.1) lib/better_errors/middleware.rb:57:in `call'
  actionpack (5.0.0.1) lib/action_dispatch/middleware/debug_exceptions.rb:49:in `call'
  actionpack (5.0.0.1) lib/action_dispatch/middleware/show_exceptions.rb:31:in `call'
  railties (5.0.0.1) lib/rails/rack/logger.rb:36:in `call_app'
  railties (5.0.0.1) lib/rails/rack/logger.rb:24:in `block in call'
  activesupport (5.0.0.1) lib/active_support/tagged_logging.rb:70:in `block in tagged'
  activesupport (5.0.0.1) lib/active_support/tagged_logging.rb:26:in `tagged'
  activesupport (5.0.0.1) lib/active_support/tagged_logging.rb:70:in `tagged'
  railties (5.0.0.1) lib/rails/rack/logger.rb:24:in `call'
  sprockets-rails (3.1.1) lib/sprockets/rails/quiet_assets.rb:13:in `call'
  actionpack (5.0.0.1) lib/action_dispatch/middleware/request_id.rb:24:in `call'
  rack (2.0.1) lib/rack/method_override.rb:22:in `call'
  rack (2.0.1) lib/rack/runtime.rb:22:in `call'
  activesupport (5.0.0.1) lib/active_support/cache/strategy/local_cache_middleware.rb:28:in `call'
  actionpack (5.0.0.1) lib/action_dispatch/middleware/executor.rb:12:in `call'
  actionpack (5.0.0.1) lib/action_dispatch/middleware/static.rb:136:in `call'
  rack (2.0.1) lib/rack/sendfile.rb:111:in `call'
  railties (5.0.0.1) lib/rails/engine.rb:522:in `call'
  puma (3.6.0) lib/puma/configuration.rb:225:in `call'
  puma (3.6.0) lib/puma/server.rb:578:in `handle_request'
  puma (3.6.0) lib/puma/server.rb:415:in `process_client'
  puma (3.6.0) lib/puma/server.rb:275:in `block in run'
  puma (3.6.0) lib/puma/thread_pool.rb:116:in `block in spawn_thread'

Started POST "/__better_errors/6999baa24cbf2ce4/variables" for ::1 at 2017-03-23 18:12:26 +0100
  [1m[36mIngredient Load (3.1ms)[0m  [1m[34mSELECT "ingredients".* FROM "ingredients"[0m
Started GET "/cocktails/2" for ::1 at 2017-03-23 18:13:11 +0100
Processing by CocktailsController#show as HTML
  Parameters: {"id"=>"2"}
  [1m[36mCocktail Load (0.3ms)[0m  [1m[34mSELECT  "cocktails".* FROM "cocktails" WHERE "cocktails"."id" = $1 LIMIT $2[0m  [["id", 2], ["LIMIT", 1]]
  Rendering cocktails/show.html.erb within layouts/application
  [1m[36mIngredient Load (0.3ms)[0m  [1m[34mSELECT "ingredients".* FROM "ingredients"[0m
  Rendered cocktails/show.html.erb within layouts/application (20.4ms)
Completed 200 OK in 70ms (Views: 41.6ms | ActiveRecord: 2.3ms)


Started POST "/cocktails/2/doses" for ::1 at 2017-03-23 18:13:16 +0100
Processing by DosesController#create as HTML
  Parameters: {"utf8"=>"✓", "authenticity_token"=>"dABKX6IFZHRuPpPm7v0j+4RBR1qkNzY/TgBFoB1D48pyZXrCjMH7W4rz+wIUcUN9rfgbiDbprv6qgeuyUrnc/A==", "dose"=>{"description"=>"asdsad", "ingredient_id"=>"6"}, "commit"=>"submit", "cocktail_id"=>"2"}
No template found for DosesController#create, rendering head :no_content
Completed 204 No Content in 47ms (ActiveRecord: 0.0ms)


Started GET "/cocktails/2" for ::1 at 2017-03-23 18:14:55 +0100
Processing by CocktailsController#show as HTML
  Parameters: {"id"=>"2"}
  [1m[36mCocktail Load (0.2ms)[0m  [1m[34mSELECT  "cocktails".* FROM "cocktails" WHERE "cocktails"."id" = $1 LIMIT $2[0m  [["id", 2], ["LIMIT", 1]]
  Rendering cocktails/show.html.erb within layouts/application
  [1m[36mIngredient Load (0.4ms)[0m  [1m[34mSELECT "ingredients".* FROM "ingredients"[0m
  Rendered cocktails/show.html.erb within layouts/application (17.5ms)
Completed 200 OK in 62ms (Views: 37.1ms | ActiveRecord: 6.3ms)


Started POST "/cocktails/2/doses" for ::1 at 2017-03-23 18:14:56 +0100
Processing by DosesController#create as HTML
  Parameters: {"utf8"=>"✓", "authenticity_token"=>"p/v37Z0Hsa1ABbZwqzpuoiS3iZSJ3Q0F3dkalscX1Aahnsdws8MugqTI3pRRtg4kDQ7VRhsDlcQ5WLSEiO3rMA==", "dose"=>{"description"=>"", "ingredient_id"=>""}, "commit"=>"submit", "cocktail_id"=>"2"}
Completed 500 Internal Server Error in 1ms (ActiveRecord: 0.0ms)



RuntimeError - :
  app/controllers/doses_controller.rb:4:in `create'
  actionpack (5.0.0.1) lib/action_controller/metal/basic_implicit_render.rb:4:in `send_action'
  actionpack (5.0.0.1) lib/abstract_controller/base.rb:188:in `process_action'
  actionpack (5.0.0.1) lib/action_controller/metal/rendering.rb:30:in `process_action'
  actionpack (5.0.0.1) lib/abstract_controller/callbacks.rb:20:in `block in process_action'
  activesupport (5.0.0.1) lib/active_support/callbacks.rb:126:in `call'
  activesupport (5.0.0.1) lib/active_support/callbacks.rb:506:in `block (2 levels) in compile'
  activesupport (5.0.0.1) lib/active_support/callbacks.rb:455:in `call'
  activesupport (5.0.0.1) lib/active_support/callbacks.rb:101:in `__run_callbacks__'
  activesupport (5.0.0.1) lib/active_support/callbacks.rb:750:in `_run_process_action_callbacks'
  activesupport (5.0.0.1) lib/active_support/callbacks.rb:90:in `run_callbacks'
  actionpack (5.0.0.1) lib/abstract_controller/callbacks.rb:19:in `process_action'
  actionpack (5.0.0.1) lib/action_controller/metal/rescue.rb:20:in `process_action'
  actionpack (5.0.0.1) lib/action_controller/metal/instrumentation.rb:32:in `block in process_action'
  activesupport (5.0.0.1) lib/active_support/notifications.rb:164:in `block in instrument'
  activesupport (5.0.0.1) lib/active_support/notifications/instrumenter.rb:21:in `instrument'
  activesupport (5.0.0.1) lib/active_support/notifications.rb:164:in `instrument'
  actionpack (5.0.0.1) lib/action_controller/metal/instrumentation.rb:30:in `process_action'
  actionpack (5.0.0.1) lib/action_controller/metal/params_wrapper.rb:248:in `process_action'
  activerecord (5.0.0.1) lib/active_record/railties/controller_runtime.rb:18:in `process_action'
  actionpack (5.0.0.1) lib/abstract_controller/base.rb:126:in `process'
  actionview (5.0.0.1) lib/action_view/rendering.rb:30:in `process'
  actionpack (5.0.0.1) lib/action_controller/metal.rb:190:in `dispatch'
  actionpack (5.0.0.1) lib/action_controller/metal.rb:262:in `dispatch'
  actionpack (5.0.0.1) lib/action_dispatch/routing/route_set.rb:50:in `dispatch'
  actionpack (5.0.0.1) lib/action_dispatch/routing/route_set.rb:32:in `serve'
  actionpack (5.0.0.1) lib/action_dispatch/journey/router.rb:39:in `block in serve'
  actionpack (5.0.0.1) lib/action_dispatch/journey/router.rb:26:in `serve'
  actionpack (5.0.0.1) lib/action_dispatch/routing/route_set.rb:725:in `call'
  rack (2.0.1) lib/rack/etag.rb:25:in `call'
  rack (2.0.1) lib/rack/conditional_get.rb:38:in `call'
  rack (2.0.1) lib/rack/head.rb:12:in `call'
  rack (2.0.1) lib/rack/session/abstract/id.rb:222:in `context'
  rack (2.0.1) lib/rack/session/abstract/id.rb:216:in `call'
  actionpack (5.0.0.1) lib/action_dispatch/middleware/cookies.rb:613:in `call'
  activerecord (5.0.0.1) lib/active_record/migration.rb:552:in `call'
  actionpack (5.0.0.1) lib/action_dispatch/middleware/callbacks.rb:38:in `block in call'
  activesupport (5.0.0.1) lib/active_support/callbacks.rb:97:in `__run_callbacks__'
  activesupport (5.0.0.1) lib/active_support/callbacks.rb:750:in `_run_call_callbacks'
  activesupport (5.0.0.1) lib/active_support/callbacks.rb:90:in `run_callbacks'
  actionpack (5.0.0.1) lib/action_dispatch/middleware/callbacks.rb:36:in `call'
  actionpack (5.0.0.1) lib/action_dispatch/middleware/executor.rb:12:in `call'
  actionpack (5.0.0.1) lib/action_dispatch/middleware/remote_ip.rb:79:in `call'
  better_errors (2.1.1) lib/better_errors/middleware.rb:84:in `protected_app_call'
  better_errors (2.1.1) lib/better_errors/middleware.rb:79:in `better_errors_call'
  better_errors (2.1.1) lib/better_errors/middleware.rb:57:in `call'
  actionpack (5.0.0.1) lib/action_dispatch/middleware/debug_exceptions.rb:49:in `call'
  actionpack (5.0.0.1) lib/action_dispatch/middleware/show_exceptions.rb:31:in `call'
  railties (5.0.0.1) lib/rails/rack/logger.rb:36:in `call_app'
  railties (5.0.0.1) lib/rails/rack/logger.rb:24:in `block in call'
  activesupport (5.0.0.1) lib/active_support/tagged_logging.rb:70:in `block in tagged'
  activesupport (5.0.0.1) lib/active_support/tagged_logging.rb:26:in `tagged'
  activesupport (5.0.0.1) lib/active_support/tagged_logging.rb:70:in `tagged'
  railties (5.0.0.1) lib/rails/rack/logger.rb:24:in `call'
  sprockets-rails (3.1.1) lib/sprockets/rails/quiet_assets.rb:13:in `call'
  actionpack (5.0.0.1) lib/action_dispatch/middleware/request_id.rb:24:in `call'
  rack (2.0.1) lib/rack/method_override.rb:22:in `call'
  rack (2.0.1) lib/rack/runtime.rb:22:in `call'
  activesupport (5.0.0.1) lib/active_support/cache/strategy/local_cache_middleware.rb:28:in `call'
  actionpack (5.0.0.1) lib/action_dispatch/middleware/executor.rb:12:in `call'
  actionpack (5.0.0.1) lib/action_dispatch/middleware/static.rb:136:in `call'
  rack (2.0.1) lib/rack/sendfile.rb:111:in `call'
  railties (5.0.0.1) lib/rails/engine.rb:522:in `call'
  puma (3.6.0) lib/puma/configuration.rb:225:in `call'
  puma (3.6.0) lib/puma/server.rb:578:in `handle_request'
  puma (3.6.0) lib/puma/server.rb:415:in `process_client'
  puma (3.6.0) lib/puma/server.rb:275:in `block in run'
  puma (3.6.0) lib/puma/thread_pool.rb:116:in `block in spawn_thread'

Started POST "/__better_errors/1fdceddc098a226f/variables" for ::1 at 2017-03-23 18:14:56 +0100
Started POST "/__better_errors/1fdceddc098a226f/eval" for ::1 at 2017-03-23 18:15:05 +0100
Started POST "/cocktails/2/doses" for ::1 at 2017-03-23 18:19:45 +0100
Processing by DosesController#create as HTML
  Parameters: {"utf8"=>"✓", "authenticity_token"=>"p/v37Z0Hsa1ABbZwqzpuoiS3iZSJ3Q0F3dkalscX1Aahnsdws8MugqTI3pRRtg4kDQ7VRhsDlcQ5WLSEiO3rMA==", "dose"=>{"description"=>"", "ingredient_id"=>""}, "commit"=>"submit", "cocktail_id"=>"2"}
  [1m[36mCocktail Load (0.2ms)[0m  [1m[34mSELECT  "cocktails".* FROM "cocktails" WHERE "cocktails"."id" = $1 LIMIT $2[0m  [["id", 2], ["LIMIT", 1]]
  [1m[35m (0.2ms)[0m  [1m[35mBEGIN[0m
  [1m[36mDose Exists (0.5ms)[0m  [1m[34mSELECT  1 AS one FROM "doses" WHERE "doses"."ingredient_id" IS NULL AND "doses"."cocktail_id" = $1 LIMIT $2[0m  [["cocktail_id", 2], ["LIMIT", 1]]
  [1m[35m (0.1ms)[0m  [1m[31mROLLBACK[0m
DEPRECATION WARNING: `redirect_to :back` is deprecated and will be removed from Rails 5.1. Please use `redirect_back(fallback_location: fallback_location)` where `fallback_location` represents the location to use if the request has no HTTP referer information. (called from _compute_redirect_to_location at /usr/local/opt/rbenv/versions/2.3.1/lib/ruby/gems/2.3.0/gems/actionpack-5.0.0.1/lib/action_controller/metal/redirecting.rb:108)
Redirected to http://localhost:3000/cocktails/2
Completed 302 Found in 34ms (ActiveRecord: 5.3ms)


Started GET "/cocktails/2" for ::1 at 2017-03-23 18:19:45 +0100
Processing by CocktailsController#show as HTML
  Parameters: {"id"=>"2"}
  [1m[36mCocktail Load (0.2ms)[0m  [1m[34mSELECT  "cocktails".* FROM "cocktails" WHERE "cocktails"."id" = $1 LIMIT $2[0m  [["id", 2], ["LIMIT", 1]]
  Rendering cocktails/show.html.erb within layouts/application
  [1m[36mIngredient Load (0.4ms)[0m  [1m[34mSELECT "ingredients".* FROM "ingredients"[0m
  Rendered cocktails/show.html.erb within layouts/application (13.4ms)
Completed 200 OK in 37ms (Views: 30.8ms | ActiveRecord: 4.1ms)


Started POST "/cocktails/2/doses" for ::1 at 2017-03-23 18:19:48 +0100
Processing by DosesController#create as HTML
  Parameters: {"utf8"=>"✓", "authenticity_token"=>"/sZaGgtd3aK2wvv6tbeoQEtgoPuWttpUtSabC+Zpmr34o2qHJZlCjVIPkx5PO8jGYtn8KQRoQpVRpzUZqZOliw==", "dose"=>{"description"=>"dasdad", "ingredient_id"=>"2"}, "commit"=>"submit", "cocktail_id"=>"2"}
  [1m[36mCocktail Load (0.4ms)[0m  [1m[34mSELECT  "cocktails".* FROM "cocktails" WHERE "cocktails"."id" = $1 LIMIT $2[0m  [["id", 2], ["LIMIT", 1]]
  [1m[35m (0.2ms)[0m  [1m[35mBEGIN[0m
  [1m[36mIngredient Load (0.1ms)[0m  [1m[34mSELECT  "ingredients".* FROM "ingredients" WHERE "ingredients"."id" = $1 LIMIT $2[0m  [["id", 2], ["LIMIT", 1]]
  [1m[36mDose Exists (0.3ms)[0m  [1m[34mSELECT  1 AS one FROM "doses" WHERE "doses"."ingredient_id" = $1 AND "doses"."cocktail_id" = $2 LIMIT $3[0m  [["ingredient_id", 2], ["cocktail_id", 2], ["LIMIT", 1]]
  [1m[35mSQL (0.8ms)[0m  [1m[32mINSERT INTO "doses" ("description", "cocktail_id", "ingredient_id", "created_at", "updated_at") VALUES ($1, $2, $3, $4, $5) RETURNING "id"[0m  [["description", "dasdad"], ["cocktail_id", 2], ["ingredient_id", 2], ["created_at", 2017-03-23 17:19:48 UTC], ["updated_at", 2017-03-23 17:19:48 UTC]]
  [1m[35m (5.8ms)[0m  [1m[35mCOMMIT[0m
DEPRECATION WARNING: `redirect_to :back` is deprecated and will be removed from Rails 5.1. Please use `redirect_back(fallback_location: fallback_location)` where `fallback_location` represents the location to use if the request has no HTTP referer information. (called from _compute_redirect_to_location at /usr/local/opt/rbenv/versions/2.3.1/lib/ruby/gems/2.3.0/gems/actionpack-5.0.0.1/lib/action_controller/metal/redirecting.rb:108)
Redirected to http://localhost:3000/cocktails/2
Completed 302 Found in 22ms (ActiveRecord: 7.6ms)


Started GET "/cocktails/2" for ::1 at 2017-03-23 18:19:48 +0100
Processing by CocktailsController#show as HTML
  Parameters: {"id"=>"2"}
  [1m[36mCocktail Load (0.4ms)[0m  [1m[34mSELECT  "cocktails".* FROM "cocktails" WHERE "cocktails"."id" = $1 LIMIT $2[0m  [["id", 2], ["LIMIT", 1]]
  Rendering cocktails/show.html.erb within layouts/application
  [1m[36mIngredient Load (0.6ms)[0m  [1m[34mSELECT "ingredients".* FROM "ingredients"[0m
  Rendered cocktails/show.html.erb within layouts/application (13.6ms)
Completed 200 OK in 39ms (Views: 34.9ms | ActiveRecord: 1.0ms)


Started POST "/cocktails/2/doses" for ::1 at 2017-03-23 18:20:35 +0100
Processing by DosesController#create as HTML
  Parameters: {"utf8"=>"✓", "authenticity_token"=>"AUhEu8ks+z45S9QX34jbUrtsCeQ48fxQu55WDFnb+04HLXQm5+hkEd2GvPMlBLvUktVVNqovZJFfH/geFiHEeA==", "dose"=>{"description"=>"awdsd", "ingredient_id"=>"3"}, "commit"=>"submit", "cocktail_id"=>"2"}
  [1m[36mCocktail Load (0.2ms)[0m  [1m[34mSELECT  "cocktails".* FROM "cocktails" WHERE "cocktails"."id" = $1 LIMIT $2[0m  [["id", 2], ["LIMIT", 1]]
  [1m[35m (0.2ms)[0m  [1m[35mBEGIN[0m
  [1m[36mIngredient Load (0.2ms)[0m  [1m[34mSELECT  "ingredients".* FROM "ingredients" WHERE "ingredients"."id" = $1 LIMIT $2[0m  [["id", 3], ["LIMIT", 1]]
  [1m[36mDose Exists (0.3ms)[0m  [1m[34mSELECT  1 AS one FROM "doses" WHERE "doses"."ingredient_id" = $1 AND "doses"."cocktail_id" = $2 LIMIT $3[0m  [["ingredient_id", 3], ["cocktail_id", 2], ["LIMIT", 1]]
  [1m[35mSQL (0.3ms)[0m  [1m[32mINSERT INTO "doses" ("description", "cocktail_id", "ingredient_id", "created_at", "updated_at") VALUES ($1, $2, $3, $4, $5) RETURNING "id"[0m  [["description", "awdsd"], ["cocktail_id", 2], ["ingredient_id", 3], ["created_at", 2017-03-23 17:20:35 UTC], ["updated_at", 2017-03-23 17:20:35 UTC]]
  [1m[35m (1.2ms)[0m  [1m[35mCOMMIT[0m
Redirected to http://localhost:3000/cocktails/2
Completed 302 Found in 51ms (ActiveRecord: 8.6ms)


Started GET "/cocktails/2" for ::1 at 2017-03-23 18:20:35 +0100
Processing by CocktailsController#show as HTML
  Parameters: {"id"=>"2"}
  [1m[36mCocktail Load (0.3ms)[0m  [1m[34mSELECT  "cocktails".* FROM "cocktails" WHERE "cocktails"."id" = $1 LIMIT $2[0m  [["id", 2], ["LIMIT", 1]]
  Rendering cocktails/show.html.erb within layouts/application
  [1m[36mIngredient Load (0.3ms)[0m  [1m[34mSELECT "ingredients".* FROM "ingredients"[0m
  Rendered cocktails/show.html.erb within layouts/application (9.6ms)
Completed 200 OK in 32ms (Views: 29.7ms | ActiveRecord: 0.6ms)


Started GET "/cocktails/2" for ::1 at 2017-03-23 18:20:39 +0100
Processing by CocktailsController#show as HTML
  Parameters: {"id"=>"2"}
  [1m[36mCocktail Load (0.4ms)[0m  [1m[34mSELECT  "cocktails".* FROM "cocktails" WHERE "cocktails"."id" = $1 LIMIT $2[0m  [["id", 2], ["LIMIT", 1]]
  Rendering cocktails/show.html.erb within layouts/application
  [1m[36mIngredient Load (0.4ms)[0m  [1m[34mSELECT "ingredients".* FROM "ingredients"[0m
  Rendered cocktails/show.html.erb within layouts/application (17.4ms)
Completed 200 OK in 46ms (Views: 41.6ms | ActiveRecord: 0.8ms)


Started GET "/cocktails" for ::1 at 2017-03-23 18:25:49 +0100
Processing by CocktailsController#index as HTML
  Rendering cocktails/index.html.erb within layouts/application
  [1m[36mCocktail Load (0.3ms)[0m  [1m[34mSELECT "cocktails".* FROM "cocktails"[0m
  Rendered cocktails/index.html.erb within layouts/application (6.0ms)
Completed 200 OK in 31ms (Views: 23.7ms | ActiveRecord: 0.3ms)


Started GET "/cocktails/2" for ::1 at 2017-03-23 18:25:51 +0100
Processing by CocktailsController#show as HTML
  Parameters: {"id"=>"2"}
  [1m[36mCocktail Load (0.3ms)[0m  [1m[34mSELECT  "cocktails".* FROM "cocktails" WHERE "cocktails"."id" = $1 LIMIT $2[0m  [["id", 2], ["LIMIT", 1]]
  Rendering cocktails/show.html.erb within layouts/application
  [1m[36mDose Load (0.3ms)[0m  [1m[34mSELECT "doses".* FROM "doses" WHERE "doses"."cocktail_id" = $1[0m  [["cocktail_id", 2]]
  [1m[36mIngredient Load (0.2ms)[0m  [1m[34mSELECT  "ingredients".* FROM "ingredients" WHERE "ingredients"."id" = $1 LIMIT $2[0m  [["id", 2], ["LIMIT", 1]]
  [1m[36mIngredient Load (0.2ms)[0m  [1m[34mSELECT  "ingredients".* FROM "ingredients" WHERE "ingredients"."id" = $1 LIMIT $2[0m  [["id", 3], ["LIMIT", 1]]
  [1m[36mIngredient Load (0.3ms)[0m  [1m[34mSELECT "ingredients".* FROM "ingredients"[0m
  Rendered cocktails/show.html.erb within layouts/application (16.9ms)
Completed 200 OK in 54ms (Views: 28.0ms | ActiveRecord: 4.9ms)


Started GET "/cocktails/2" for ::1 at 2017-03-23 18:26:14 +0100
Processing by CocktailsController#show as HTML
  Parameters: {"id"=>"2"}
  [1m[36mCocktail Load (0.1ms)[0m  [1m[34mSELECT  "cocktails".* FROM "cocktails" WHERE "cocktails"."id" = $1 LIMIT $2[0m  [["id", 2], ["LIMIT", 1]]
  Rendering cocktails/show.html.erb within layouts/application
  [1m[36mDose Load (0.2ms)[0m  [1m[34mSELECT "doses".* FROM "doses" WHERE "doses"."cocktail_id" = $1[0m  [["cocktail_id", 2]]
  [1m[36mIngredient Load (0.1ms)[0m  [1m[34mSELECT  "ingredients".* FROM "ingredients" WHERE "ingredients"."id" = $1 LIMIT $2[0m  [["id", 2], ["LIMIT", 1]]
  [1m[36mIngredient Load (0.2ms)[0m  [1m[34mSELECT  "ingredients".* FROM "ingredients" WHERE "ingredients"."id" = $1 LIMIT $2[0m  [["id", 3], ["LIMIT", 1]]
  [1m[36mIngredient Load (0.3ms)[0m  [1m[34mSELECT "ingredients".* FROM "ingredients"[0m
  Rendered cocktails/show.html.erb within layouts/application (8.9ms)
Completed 200 OK in 25ms (Views: 22.2ms | ActiveRecord: 1.0ms)


Started POST "/cocktails/2/doses" for ::1 at 2017-03-23 18:26:40 +0100
Processing by DosesController#create as HTML
  Parameters: {"utf8"=>"✓", "authenticity_token"=>"U3J5QwbtATlmEvYN9c9g3O60yEXD5YwoFlY9oTjgqRZVF0neKCmeFoLfnukPQwBaxw2Ul1E7FOny15OzdxqWIA==", "dose"=>{"description"=>"", "ingredient_id"=>"5"}, "commit"=>"submit", "cocktail_id"=>"2"}
  [1m[36mCocktail Load (0.2ms)[0m  [1m[34mSELECT  "cocktails".* FROM "cocktails" WHERE "cocktails"."id" = $1 LIMIT $2[0m  [["id", 2], ["LIMIT", 1]]
  [1m[35m (0.1ms)[0m  [1m[35mBEGIN[0m
  [1m[36mIngredient Load (0.2ms)[0m  [1m[34mSELECT  "ingredients".* FROM "ingredients" WHERE "ingredients"."id" = $1 LIMIT $2[0m  [["id", 5], ["LIMIT", 1]]
  [1m[36mDose Exists (0.5ms)[0m  [1m[34mSELECT  1 AS one FROM "doses" WHERE "doses"."ingredient_id" = $1 AND "doses"."cocktail_id" = $2 LIMIT $3[0m  [["ingredient_id", 5], ["cocktail_id", 2], ["LIMIT", 1]]
  [1m[35m (0.2ms)[0m  [1m[31mROLLBACK[0m
Redirected to http://localhost:3000/cocktails/2
Completed 302 Found in 9ms (ActiveRecord: 1.2ms)


Started GET "/cocktails/2" for ::1 at 2017-03-23 18:26:40 +0100
Processing by CocktailsController#show as HTML
  Parameters: {"id"=>"2"}
  [1m[36mCocktail Load (0.2ms)[0m  [1m[34mSELECT  "cocktails".* FROM "cocktails" WHERE "cocktails"."id" = $1 LIMIT $2[0m  [["id", 2], ["LIMIT", 1]]
  Rendering cocktails/show.html.erb within layouts/application
  [1m[36mDose Load (0.2ms)[0m  [1m[34mSELECT "doses".* FROM "doses" WHERE "doses"."cocktail_id" = $1[0m  [["cocktail_id", 2]]
  [1m[36mIngredient Load (0.2ms)[0m  [1m[34mSELECT  "ingredients".* FROM "ingredients" WHERE "ingredients"."id" = $1 LIMIT $2[0m  [["id", 2], ["LIMIT", 1]]
  [1m[36mIngredient Load (0.3ms)[0m  [1m[34mSELECT  "ingredients".* FROM "ingredients" WHERE "ingredients"."id" = $1 LIMIT $2[0m  [["id", 3], ["LIMIT", 1]]
  [1m[36mIngredient Load (0.3ms)[0m  [1m[34mSELECT "ingredients".* FROM "ingredients"[0m
  Rendered cocktails/show.html.erb within layouts/application (12.3ms)
Completed 200 OK in 34ms (Views: 30.5ms | ActiveRecord: 1.2ms)


Started POST "/cocktails/2/doses" for ::1 at 2017-03-23 18:26:46 +0100
Processing by DosesController#create as HTML
  Parameters: {"utf8"=>"✓", "authenticity_token"=>"kW/Sa26exgkQuE9kbM5KNwoi4SJPZ53jvPUXN68thxSXCuL2QFpZJvR1J4CWQiqxI5u98N25BSJYdLkl4Ne4Ig==", "dose"=>{"description"=>"", "ingredient_id"=>"6"}, "commit"=>"submit", "cocktail_id"=>"2"}
  [1m[36mCocktail Load (0.4ms)[0m  [1m[34mSELECT  "cocktails".* FROM "cocktails" WHERE "cocktails"."id" = $1 LIMIT $2[0m  [["id", 2], ["LIMIT", 1]]
  [1m[35m (0.1ms)[0m  [1m[35mBEGIN[0m
  [1m[36mIngredient Load (0.3ms)[0m  [1m[34mSELECT  "ingredients".* FROM "ingredients" WHERE "ingredients"."id" = $1 LIMIT $2[0m  [["id", 6], ["LIMIT", 1]]
  [1m[36mDose Exists (0.4ms)[0m  [1m[34mSELECT  1 AS one FROM "doses" WHERE "doses"."ingredient_id" = $1 AND "doses"."cocktail_id" = $2 LIMIT $3[0m  [["ingredient_id", 6], ["cocktail_id", 2], ["LIMIT", 1]]
  [1m[35m (0.2ms)[0m  [1m[31mROLLBACK[0m
Redirected to http://localhost:3000/cocktails/2
Completed 302 Found in 8ms (ActiveRecord: 1.4ms)


Started GET "/cocktails/2" for ::1 at 2017-03-23 18:26:46 +0100
Processing by CocktailsController#show as HTML
  Parameters: {"id"=>"2"}
  [1m[36mCocktail Load (0.1ms)[0m  [1m[34mSELECT  "cocktails".* FROM "cocktails" WHERE "cocktails"."id" = $1 LIMIT $2[0m  [["id", 2], ["LIMIT", 1]]
  Rendering cocktails/show.html.erb within layouts/application
  [1m[36mDose Load (0.2ms)[0m  [1m[34mSELECT "doses".* FROM "doses" WHERE "doses"."cocktail_id" = $1[0m  [["cocktail_id", 2]]
  [1m[36mIngredient Load (0.2ms)[0m  [1m[34mSELECT  "ingredients".* FROM "ingredients" WHERE "ingredients"."id" = $1 LIMIT $2[0m  [["id", 2], ["LIMIT", 1]]
  [1m[36mIngredient Load (0.1ms)[0m  [1m[34mSELECT  "ingredients".* FROM "ingredients" WHERE "ingredients"."id" = $1 LIMIT $2[0m  [["id", 3], ["LIMIT", 1]]
  [1m[36mIngredient Load (0.3ms)[0m  [1m[34mSELECT "ingredients".* FROM "ingredients"[0m
  Rendered cocktails/show.html.erb within layouts/application (10.8ms)
Completed 200 OK in 40ms (Views: 36.9ms | ActiveRecord: 1.0ms)


Started POST "/cocktails/2/doses" for ::1 at 2017-03-23 18:27:57 +0100
Processing by DosesController#create as HTML
  Parameters: {"utf8"=>"✓", "authenticity_token"=>"AZ1gFbx+yEJabUjBUgivcsPJIGbyYggRygSGGX6OISsH+FCIkrpXbb6gICWohM/06nB8tGC8kNAuhSgLMXQeHQ==", "dose"=>{"description"=>"", "ingredient_id"=>"6"}, "commit"=>"submit", "cocktail_id"=>"2"}
  [1m[36mCocktail Load (0.2ms)[0m  [1m[34mSELECT  "cocktails".* FROM "cocktails" WHERE "cocktails"."id" = $1 LIMIT $2[0m  [["id", 2], ["LIMIT", 1]]
  [1m[35m (0.2ms)[0m  [1m[35mBEGIN[0m
  [1m[36mIngredient Load (0.2ms)[0m  [1m[34mSELECT  "ingredients".* FROM "ingredients" WHERE "ingredients"."id" = $1 LIMIT $2[0m  [["id", 6], ["LIMIT", 1]]
  [1m[36mDose Exists (0.3ms)[0m  [1m[34mSELECT  1 AS one FROM "doses" WHERE "doses"."ingredient_id" = $1 AND "doses"."cocktail_id" = $2 LIMIT $3[0m  [["ingredient_id", 6], ["cocktail_id", 2], ["LIMIT", 1]]
  [1m[35m (0.1ms)[0m  [1m[31mROLLBACK[0m
Completed 500 Internal Server Error in 30ms (ActiveRecord: 1.1ms)



ActionView::MissingTemplate - Missing template doses/new, application/new with {:locale=>[:en], :formats=>[:html], :variants=>[], :handlers=>[:raw, :erb, :html, :builder, :ruby, :jbuilder]}. Searched in:
  * "/Users/inouridder/code/live_codes/mister-cocktail-livecode-boilerplate-master/app/views"
:
  actionview (5.0.0.1) lib/action_view/path_set.rb:46:in `find'
  actionview (5.0.0.1) lib/action_view/lookup_context.rb:122:in `find'
  actionview (5.0.0.1) lib/action_view/renderer/abstract_renderer.rb:18:in `find_template'
  actionview (5.0.0.1) lib/action_view/renderer/template_renderer.rb:40:in `determine_template'
  actionview (5.0.0.1) lib/action_view/renderer/template_renderer.rb:8:in `render'
  actionview (5.0.0.1) lib/action_view/renderer/renderer.rb:42:in `render_template'
  actionview (5.0.0.1) lib/action_view/renderer/renderer.rb:23:in `render'
  actionview (5.0.0.1) lib/action_view/rendering.rb:103:in `_render_template'
  actionpack (5.0.0.1) lib/action_controller/metal/streaming.rb:217:in `_render_template'
  actionview (5.0.0.1) lib/action_view/rendering.rb:83:in `render_to_body'
  actionpack (5.0.0.1) lib/action_controller/metal/rendering.rb:52:in `render_to_body'
  actionpack (5.0.0.1) lib/action_controller/metal/renderers.rb:144:in `render_to_body'
  actionpack (5.0.0.1) lib/abstract_controller/rendering.rb:26:in `render'
  actionpack (5.0.0.1) lib/action_controller/metal/rendering.rb:36:in `render'
  actionpack (5.0.0.1) lib/action_controller/metal/instrumentation.rb:44:in `block (2 levels) in render'
  activesupport (5.0.0.1) lib/active_support/core_ext/benchmark.rb:12:in `block in ms'
  /usr/local/opt/rbenv/versions/2.3.1/lib/ruby/2.3.0/benchmark.rb:308:in `realtime'
  activesupport (5.0.0.1) lib/active_support/core_ext/benchmark.rb:12:in `ms'
  actionpack (5.0.0.1) lib/action_controller/metal/instrumentation.rb:44:in `block in render'
  actionpack (5.0.0.1) lib/action_controller/metal/instrumentation.rb:87:in `cleanup_view_runtime'
  activerecord (5.0.0.1) lib/active_record/railties/controller_runtime.rb:25:in `cleanup_view_runtime'
  actionpack (5.0.0.1) lib/action_controller/metal/instrumentation.rb:43:in `render'
  app/controllers/doses_controller.rb:9:in `create'
  actionpack (5.0.0.1) lib/action_controller/metal/basic_implicit_render.rb:4:in `send_action'
  actionpack (5.0.0.1) lib/abstract_controller/base.rb:188:in `process_action'
  actionpack (5.0.0.1) lib/action_controller/metal/rendering.rb:30:in `process_action'
  actionpack (5.0.0.1) lib/abstract_controller/callbacks.rb:20:in `block in process_action'
  activesupport (5.0.0.1) lib/active_support/callbacks.rb:126:in `call'
  activesupport (5.0.0.1) lib/active_support/callbacks.rb:506:in `block (2 levels) in compile'
  activesupport (5.0.0.1) lib/active_support/callbacks.rb:455:in `call'
  activesupport (5.0.0.1) lib/active_support/callbacks.rb:101:in `__run_callbacks__'
  activesupport (5.0.0.1) lib/active_support/callbacks.rb:750:in `_run_process_action_callbacks'
  activesupport (5.0.0.1) lib/active_support/callbacks.rb:90:in `run_callbacks'
  actionpack (5.0.0.1) lib/abstract_controller/callbacks.rb:19:in `process_action'
  actionpack (5.0.0.1) lib/action_controller/metal/rescue.rb:20:in `process_action'
  actionpack (5.0.0.1) lib/action_controller/metal/instrumentation.rb:32:in `block in process_action'
  activesupport (5.0.0.1) lib/active_support/notifications.rb:164:in `block in instrument'
  activesupport (5.0.0.1) lib/active_support/notifications/instrumenter.rb:21:in `instrument'
  activesupport (5.0.0.1) lib/active_support/notifications.rb:164:in `instrument'
  actionpack (5.0.0.1) lib/action_controller/metal/instrumentation.rb:30:in `process_action'
  actionpack (5.0.0.1) lib/action_controller/metal/params_wrapper.rb:248:in `process_action'
  activerecord (5.0.0.1) lib/active_record/railties/controller_runtime.rb:18:in `process_action'
  actionpack (5.0.0.1) lib/abstract_controller/base.rb:126:in `process'
  actionview (5.0.0.1) lib/action_view/rendering.rb:30:in `process'
  actionpack (5.0.0.1) lib/action_controller/metal.rb:190:in `dispatch'
  actionpack (5.0.0.1) lib/action_controller/metal.rb:262:in `dispatch'
  actionpack (5.0.0.1) lib/action_dispatch/routing/route_set.rb:50:in `dispatch'
  actionpack (5.0.0.1) lib/action_dispatch/routing/route_set.rb:32:in `serve'
  actionpack (5.0.0.1) lib/action_dispatch/journey/router.rb:39:in `block in serve'
  actionpack (5.0.0.1) lib/action_dispatch/journey/router.rb:26:in `serve'
  actionpack (5.0.0.1) lib/action_dispatch/routing/route_set.rb:725:in `call'
  rack (2.0.1) lib/rack/etag.rb:25:in `call'
  rack (2.0.1) lib/rack/conditional_get.rb:38:in `call'
  rack (2.0.1) lib/rack/head.rb:12:in `call'
  rack (2.0.1) lib/rack/session/abstract/id.rb:222:in `context'
  rack (2.0.1) lib/rack/session/abstract/id.rb:216:in `call'
  actionpack (5.0.0.1) lib/action_dispatch/middleware/cookies.rb:613:in `call'
  activerecord (5.0.0.1) lib/active_record/migration.rb:552:in `call'
  actionpack (5.0.0.1) lib/action_dispatch/middleware/callbacks.rb:38:in `block in call'
  activesupport (5.0.0.1) lib/active_support/callbacks.rb:97:in `__run_callbacks__'
  activesupport (5.0.0.1) lib/active_support/callbacks.rb:750:in `_run_call_callbacks'
  activesupport (5.0.0.1) lib/active_support/callbacks.rb:90:in `run_callbacks'
  actionpack (5.0.0.1) lib/action_dispatch/middleware/callbacks.rb:36:in `call'
  actionpack (5.0.0.1) lib/action_dispatch/middleware/executor.rb:12:in `call'
  actionpack (5.0.0.1) lib/action_dispatch/middleware/remote_ip.rb:79:in `call'
  better_errors (2.1.1) lib/better_errors/middleware.rb:84:in `protected_app_call'
  better_errors (2.1.1) lib/better_errors/middleware.rb:79:in `better_errors_call'
  better_errors (2.1.1) lib/better_errors/middleware.rb:57:in `call'
  actionpack (5.0.0.1) lib/action_dispatch/middleware/debug_exceptions.rb:49:in `call'
  actionpack (5.0.0.1) lib/action_dispatch/middleware/show_exceptions.rb:31:in `call'
  railties (5.0.0.1) lib/rails/rack/logger.rb:36:in `call_app'
  railties (5.0.0.1) lib/rails/rack/logger.rb:24:in `block in call'
  activesupport (5.0.0.1) lib/active_support/tagged_logging.rb:70:in `block in tagged'
  activesupport (5.0.0.1) lib/active_support/tagged_logging.rb:26:in `tagged'
  activesupport (5.0.0.1) lib/active_support/tagged_logging.rb:70:in `tagged'
  railties (5.0.0.1) lib/rails/rack/logger.rb:24:in `call'
  sprockets-rails (3.1.1) lib/sprockets/rails/quiet_assets.rb:13:in `call'
  actionpack (5.0.0.1) lib/action_dispatch/middleware/request_id.rb:24:in `call'
  rack (2.0.1) lib/rack/method_override.rb:22:in `call'
  rack (2.0.1) lib/rack/runtime.rb:22:in `call'
  activesupport (5.0.0.1) lib/active_support/cache/strategy/local_cache_middleware.rb:28:in `call'
  actionpack (5.0.0.1) lib/action_dispatch/middleware/executor.rb:12:in `call'
  actionpack (5.0.0.1) lib/action_dispatch/middleware/static.rb:136:in `call'
  rack (2.0.1) lib/rack/sendfile.rb:111:in `call'
  railties (5.0.0.1) lib/rails/engine.rb:522:in `call'
  puma (3.6.0) lib/puma/configuration.rb:225:in `call'
  puma (3.6.0) lib/puma/server.rb:578:in `handle_request'
  puma (3.6.0) lib/puma/server.rb:415:in `process_client'
  puma (3.6.0) lib/puma/server.rb:275:in `block in run'
  puma (3.6.0) lib/puma/thread_pool.rb:116:in `block in spawn_thread'

Started POST "/__better_errors/08201e24a1b84995/variables" for ::1 at 2017-03-23 18:27:57 +0100
Started POST "/cocktails/2/doses" for ::1 at 2017-03-23 18:29:31 +0100
Processing by DosesController#create as HTML
  Parameters: {"utf8"=>"✓", "authenticity_token"=>"AZ1gFbx+yEJabUjBUgivcsPJIGbyYggRygSGGX6OISsH+FCIkrpXbb6gICWohM/06nB8tGC8kNAuhSgLMXQeHQ==", "dose"=>{"description"=>"", "ingredient_id"=>"6"}, "commit"=>"submit", "cocktail_id"=>"2"}
  [1m[36mCocktail Load (0.1ms)[0m  [1m[34mSELECT  "cocktails".* FROM "cocktails" WHERE "cocktails"."id" = $1 LIMIT $2[0m  [["id", 2], ["LIMIT", 1]]
  [1m[35m (0.1ms)[0m  [1m[35mBEGIN[0m
  [1m[36mIngredient Load (0.1ms)[0m  [1m[34mSELECT  "ingredients".* FROM "ingredients" WHERE "ingredients"."id" = $1 LIMIT $2[0m  [["id", 6], ["LIMIT", 1]]
  [1m[36mDose Exists (0.3ms)[0m  [1m[34mSELECT  1 AS one FROM "doses" WHERE "doses"."ingredient_id" = $1 AND "doses"."cocktail_id" = $2 LIMIT $3[0m  [["ingredient_id", 6], ["cocktail_id", 2], ["LIMIT", 1]]
  [1m[35m (0.1ms)[0m  [1m[31mROLLBACK[0m
  Rendering cocktails/show.html.erb within layouts/application
  Rendered cocktails/show.html.erb within layouts/application (3.3ms)
Completed 500 Internal Server Error in 39ms (ActiveRecord: 7.3ms)


DEPRECATION WARNING: #original_exception is deprecated. Use #cause instead. (called from initialize at /usr/local/opt/rbenv/versions/2.3.1/lib/ruby/gems/2.3.0/gems/better_errors-2.1.1/lib/better_errors/raised_exception.rb:7)
DEPRECATION WARNING: #original_exception is deprecated. Use #cause instead. (called from initialize at /usr/local/opt/rbenv/versions/2.3.1/lib/ruby/gems/2.3.0/gems/better_errors-2.1.1/lib/better_errors/raised_exception.rb:8)

NoMethodError - undefined method `each' for nil:NilClass:
  app/views/cocktails/show.html.erb:6:in `_app_views_cocktails_show_html_erb___3476060428401983447_70209893354100'
  actionview (5.0.0.1) lib/action_view/template.rb:158:in `block in render'
  activesupport (5.0.0.1) lib/active_support/notifications.rb:166:in `instrument'
  actionview (5.0.0.1) lib/action_view/template.rb:348:in `instrument'
  actionview (5.0.0.1) lib/action_view/template.rb:156:in `render'
  actionview (5.0.0.1) lib/action_view/renderer/template_renderer.rb:54:in `block (2 levels) in render_template'
  actionview (5.0.0.1) lib/action_view/renderer/abstract_renderer.rb:42:in `block in instrument'
  activesupport (5.0.0.1) lib/active_support/notifications.rb:164:in `block in instrument'
  activesupport (5.0.0.1) lib/active_support/notifications/instrumenter.rb:21:in `instrument'
  activesupport (5.0.0.1) lib/active_support/notifications.rb:164:in `instrument'
  actionview (5.0.0.1) lib/action_view/renderer/abstract_renderer.rb:41:in `instrument'
  actionview (5.0.0.1) lib/action_view/renderer/template_renderer.rb:53:in `block in render_template'
  actionview (5.0.0.1) lib/action_view/renderer/template_renderer.rb:61:in `render_with_layout'
  actionview (5.0.0.1) lib/action_view/renderer/template_renderer.rb:52:in `render_template'
  actionview (5.0.0.1) lib/action_view/renderer/template_renderer.rb:14:in `render'
  actionview (5.0.0.1) lib/action_view/renderer/renderer.rb:42:in `render_template'
  actionview (5.0.0.1) lib/action_view/renderer/renderer.rb:23:in `render'
  actionview (5.0.0.1) lib/action_view/rendering.rb:103:in `_render_template'
  actionpack (5.0.0.1) lib/action_controller/metal/streaming.rb:217:in `_render_template'
  actionview (5.0.0.1) lib/action_view/rendering.rb:83:in `render_to_body'
  actionpack (5.0.0.1) lib/action_controller/metal/rendering.rb:52:in `render_to_body'
  actionpack (5.0.0.1) lib/action_controller/metal/renderers.rb:144:in `render_to_body'
  actionpack (5.0.0.1) lib/abstract_controller/rendering.rb:26:in `render'
  actionpack (5.0.0.1) lib/action_controller/metal/rendering.rb:36:in `render'
  actionpack (5.0.0.1) lib/action_controller/metal/instrumentation.rb:44:in `block (2 levels) in render'
  activesupport (5.0.0.1) lib/active_support/core_ext/benchmark.rb:12:in `block in ms'
  /usr/local/opt/rbenv/versions/2.3.1/lib/ruby/2.3.0/benchmark.rb:308:in `realtime'
  activesupport (5.0.0.1) lib/active_support/core_ext/benchmark.rb:12:in `ms'
  actionpack (5.0.0.1) lib/action_controller/metal/instrumentation.rb:44:in `block in render'
  actionpack (5.0.0.1) lib/action_controller/metal/instrumentation.rb:87:in `cleanup_view_runtime'
  activerecord (5.0.0.1) lib/active_record/railties/controller_runtime.rb:25:in `cleanup_view_runtime'
  actionpack (5.0.0.1) lib/action_controller/metal/instrumentation.rb:43:in `render'
  app/controllers/doses_controller.rb:9:in `create'
  actionpack (5.0.0.1) lib/action_controller/metal/basic_implicit_render.rb:4:in `send_action'
  actionpack (5.0.0.1) lib/abstract_controller/base.rb:188:in `process_action'
  actionpack (5.0.0.1) lib/action_controller/metal/rendering.rb:30:in `process_action'
  actionpack (5.0.0.1) lib/abstract_controller/callbacks.rb:20:in `block in process_action'
  activesupport (5.0.0.1) lib/active_support/callbacks.rb:126:in `call'
  activesupport (5.0.0.1) lib/active_support/callbacks.rb:506:in `block (2 levels) in compile'
  activesupport (5.0.0.1) lib/active_support/callbacks.rb:455:in `call'
  activesupport (5.0.0.1) lib/active_support/callbacks.rb:101:in `__run_callbacks__'
  activesupport (5.0.0.1) lib/active_support/callbacks.rb:750:in `_run_process_action_callbacks'
  activesupport (5.0.0.1) lib/active_support/callbacks.rb:90:in `run_callbacks'
  actionpack (5.0.0.1) lib/abstract_controller/callbacks.rb:19:in `process_action'
  actionpack (5.0.0.1) lib/action_controller/metal/rescue.rb:20:in `process_action'
  actionpack (5.0.0.1) lib/action_controller/metal/instrumentation.rb:32:in `block in process_action'
  activesupport (5.0.0.1) lib/active_support/notifications.rb:164:in `block in instrument'
  activesupport (5.0.0.1) lib/active_support/notifications/instrumenter.rb:21:in `instrument'
  activesupport (5.0.0.1) lib/active_support/notifications.rb:164:in `instrument'
  actionpack (5.0.0.1) lib/action_controller/metal/instrumentation.rb:30:in `process_action'
  actionpack (5.0.0.1) lib/action_controller/metal/params_wrapper.rb:248:in `process_action'
  activerecord (5.0.0.1) lib/active_record/railties/controller_runtime.rb:18:in `process_action'
  actionpack (5.0.0.1) lib/abstract_controller/base.rb:126:in `process'
  actionview (5.0.0.1) lib/action_view/rendering.rb:30:in `process'
  actionpack (5.0.0.1) lib/action_controller/metal.rb:190:in `dispatch'
  actionpack (5.0.0.1) lib/action_controller/metal.rb:262:in `dispatch'
  actionpack (5.0.0.1) lib/action_dispatch/routing/route_set.rb:50:in `dispatch'
  actionpack (5.0.0.1) lib/action_dispatch/routing/route_set.rb:32:in `serve'
  actionpack (5.0.0.1) lib/action_dispatch/journey/router.rb:39:in `block in serve'
  actionpack (5.0.0.1) lib/action_dispatch/journey/router.rb:26:in `serve'
  actionpack (5.0.0.1) lib/action_dispatch/routing/route_set.rb:725:in `call'
  rack (2.0.1) lib/rack/etag.rb:25:in `call'
  rack (2.0.1) lib/rack/conditional_get.rb:38:in `call'
  rack (2.0.1) lib/rack/head.rb:12:in `call'
  rack (2.0.1) lib/rack/session/abstract/id.rb:222:in `context'
  rack (2.0.1) lib/rack/session/abstract/id.rb:216:in `call'
  actionpack (5.0.0.1) lib/action_dispatch/middleware/cookies.rb:613:in `call'
  activerecord (5.0.0.1) lib/active_record/migration.rb:552:in `call'
  actionpack (5.0.0.1) lib/action_dispatch/middleware/callbacks.rb:38:in `block in call'
  activesupport (5.0.0.1) lib/active_support/callbacks.rb:97:in `__run_callbacks__'
  activesupport (5.0.0.1) lib/active_support/callbacks.rb:750:in `_run_call_callbacks'
  activesupport (5.0.0.1) lib/active_support/callbacks.rb:90:in `run_callbacks'
  actionpack (5.0.0.1) lib/action_dispatch/middleware/callbacks.rb:36:in `call'
  actionpack (5.0.0.1) lib/action_dispatch/middleware/executor.rb:12:in `call'
  actionpack (5.0.0.1) lib/action_dispatch/middleware/remote_ip.rb:79:in `call'
  better_errors (2.1.1) lib/better_errors/middleware.rb:84:in `protected_app_call'
  better_errors (2.1.1) lib/better_errors/middleware.rb:79:in `better_errors_call'
  better_errors (2.1.1) lib/better_errors/middleware.rb:57:in `call'
  actionpack (5.0.0.1) lib/action_dispatch/middleware/debug_exceptions.rb:49:in `call'
  actionpack (5.0.0.1) lib/action_dispatch/middleware/show_exceptions.rb:31:in `call'
  railties (5.0.0.1) lib/rails/rack/logger.rb:36:in `call_app'
  railties (5.0.0.1) lib/rails/rack/logger.rb:24:in `block in call'
  activesupport (5.0.0.1) lib/active_support/tagged_logging.rb:70:in `block in tagged'
  activesupport (5.0.0.1) lib/active_support/tagged_logging.rb:26:in `tagged'
  activesupport (5.0.0.1) lib/active_support/tagged_logging.rb:70:in `tagged'
  railties (5.0.0.1) lib/rails/rack/logger.rb:24:in `call'
  sprockets-rails (3.1.1) lib/sprockets/rails/quiet_assets.rb:13:in `call'
  actionpack (5.0.0.1) lib/action_dispatch/middleware/request_id.rb:24:in `call'
  rack (2.0.1) lib/rack/method_override.rb:22:in `call'
  rack (2.0.1) lib/rack/runtime.rb:22:in `call'
  activesupport (5.0.0.1) lib/active_support/cache/strategy/local_cache_middleware.rb:28:in `call'
  actionpack (5.0.0.1) lib/action_dispatch/middleware/executor.rb:12:in `call'
  actionpack (5.0.0.1) lib/action_dispatch/middleware/static.rb:136:in `call'
  rack (2.0.1) lib/rack/sendfile.rb:111:in `call'
  railties (5.0.0.1) lib/rails/engine.rb:522:in `call'
  puma (3.6.0) lib/puma/configuration.rb:225:in `call'
  puma (3.6.0) lib/puma/server.rb:578:in `handle_request'
  puma (3.6.0) lib/puma/server.rb:415:in `process_client'
  puma (3.6.0) lib/puma/server.rb:275:in `block in run'
  puma (3.6.0) lib/puma/thread_pool.rb:116:in `block in spawn_thread'

Started POST "/__better_errors/c1e71e8265ea9b56/variables" for ::1 at 2017-03-23 18:29:32 +0100
Started POST "/cocktails/2/doses" for ::1 at 2017-03-23 18:30:21 +0100
Processing by DosesController#create as HTML
  Parameters: {"utf8"=>"✓", "authenticity_token"=>"AZ1gFbx+yEJabUjBUgivcsPJIGbyYggRygSGGX6OISsH+FCIkrpXbb6gICWohM/06nB8tGC8kNAuhSgLMXQeHQ==", "dose"=>{"description"=>"", "ingredient_id"=>"6"}, "commit"=>"submit", "cocktail_id"=>"2"}
  [1m[36mCocktail Load (0.1ms)[0m  [1m[34mSELECT  "cocktails".* FROM "cocktails" WHERE "cocktails"."id" = $1 LIMIT $2[0m  [["id", 2], ["LIMIT", 1]]
  [1m[35m (0.1ms)[0m  [1m[35mBEGIN[0m
  [1m[36mIngredient Load (0.1ms)[0m  [1m[34mSELECT  "ingredients".* FROM "ingredients" WHERE "ingredients"."id" = $1 LIMIT $2[0m  [["id", 6], ["LIMIT", 1]]
  [1m[36mDose Exists (0.3ms)[0m  [1m[34mSELECT  1 AS one FROM "doses" WHERE "doses"."ingredient_id" = $1 AND "doses"."cocktail_id" = $2 LIMIT $3[0m  [["ingredient_id", 6], ["cocktail_id", 2], ["LIMIT", 1]]
  [1m[35m (0.2ms)[0m  [1m[31mROLLBACK[0m
  Rendering cocktails/show.html.erb within layouts/application
  Rendered cocktails/show.html.erb within layouts/application (3.0ms)
Completed 500 Internal Server Error in 39ms (ActiveRecord: 6.3ms)


DEPRECATION WARNING: #original_exception is deprecated. Use #cause instead. (called from initialize at /usr/local/opt/rbenv/versions/2.3.1/lib/ruby/gems/2.3.0/gems/better_errors-2.1.1/lib/better_errors/raised_exception.rb:7)
DEPRECATION WARNING: #original_exception is deprecated. Use #cause instead. (called from initialize at /usr/local/opt/rbenv/versions/2.3.1/lib/ruby/gems/2.3.0/gems/better_errors-2.1.1/lib/better_errors/raised_exception.rb:8)

NoMethodError - undefined method `each' for nil:NilClass:
  app/views/cocktails/show.html.erb:6:in `_app_views_cocktails_show_html_erb___3476060428401983447_70209918686840'
  actionview (5.0.0.1) lib/action_view/template.rb:158:in `block in render'
  activesupport (5.0.0.1) lib/active_support/notifications.rb:166:in `instrument'
  actionview (5.0.0.1) lib/action_view/template.rb:348:in `instrument'
  actionview (5.0.0.1) lib/action_view/template.rb:156:in `render'
  actionview (5.0.0.1) lib/action_view/renderer/template_renderer.rb:54:in `block (2 levels) in render_template'
  actionview (5.0.0.1) lib/action_view/renderer/abstract_renderer.rb:42:in `block in instrument'
  activesupport (5.0.0.1) lib/active_support/notifications.rb:164:in `block in instrument'
  activesupport (5.0.0.1) lib/active_support/notifications/instrumenter.rb:21:in `instrument'
  activesupport (5.0.0.1) lib/active_support/notifications.rb:164:in `instrument'
  actionview (5.0.0.1) lib/action_view/renderer/abstract_renderer.rb:41:in `instrument'
  actionview (5.0.0.1) lib/action_view/renderer/template_renderer.rb:53:in `block in render_template'
  actionview (5.0.0.1) lib/action_view/renderer/template_renderer.rb:61:in `render_with_layout'
  actionview (5.0.0.1) lib/action_view/renderer/template_renderer.rb:52:in `render_template'
  actionview (5.0.0.1) lib/action_view/renderer/template_renderer.rb:14:in `render'
  actionview (5.0.0.1) lib/action_view/renderer/renderer.rb:42:in `render_template'
  actionview (5.0.0.1) lib/action_view/renderer/renderer.rb:23:in `render'
  actionview (5.0.0.1) lib/action_view/rendering.rb:103:in `_render_template'
  actionpack (5.0.0.1) lib/action_controller/metal/streaming.rb:217:in `_render_template'
  actionview (5.0.0.1) lib/action_view/rendering.rb:83:in `render_to_body'
  actionpack (5.0.0.1) lib/action_controller/metal/rendering.rb:52:in `render_to_body'
  actionpack (5.0.0.1) lib/action_controller/metal/renderers.rb:144:in `render_to_body'
  actionpack (5.0.0.1) lib/abstract_controller/rendering.rb:26:in `render'
  actionpack (5.0.0.1) lib/action_controller/metal/rendering.rb:36:in `render'
  actionpack (5.0.0.1) lib/action_controller/metal/instrumentation.rb:44:in `block (2 levels) in render'
  activesupport (5.0.0.1) lib/active_support/core_ext/benchmark.rb:12:in `block in ms'
  /usr/local/opt/rbenv/versions/2.3.1/lib/ruby/2.3.0/benchmark.rb:308:in `realtime'
  activesupport (5.0.0.1) lib/active_support/core_ext/benchmark.rb:12:in `ms'
  actionpack (5.0.0.1) lib/action_controller/metal/instrumentation.rb:44:in `block in render'
  actionpack (5.0.0.1) lib/action_controller/metal/instrumentation.rb:87:in `cleanup_view_runtime'
  activerecord (5.0.0.1) lib/active_record/railties/controller_runtime.rb:25:in `cleanup_view_runtime'
  actionpack (5.0.0.1) lib/action_controller/metal/instrumentation.rb:43:in `render'
  app/controllers/doses_controller.rb:9:in `create'
  actionpack (5.0.0.1) lib/action_controller/metal/basic_implicit_render.rb:4:in `send_action'
  actionpack (5.0.0.1) lib/abstract_controller/base.rb:188:in `process_action'
  actionpack (5.0.0.1) lib/action_controller/metal/rendering.rb:30:in `process_action'
  actionpack (5.0.0.1) lib/abstract_controller/callbacks.rb:20:in `block in process_action'
  activesupport (5.0.0.1) lib/active_support/callbacks.rb:126:in `call'
  activesupport (5.0.0.1) lib/active_support/callbacks.rb:506:in `block (2 levels) in compile'
  activesupport (5.0.0.1) lib/active_support/callbacks.rb:455:in `call'
  activesupport (5.0.0.1) lib/active_support/callbacks.rb:101:in `__run_callbacks__'
  activesupport (5.0.0.1) lib/active_support/callbacks.rb:750:in `_run_process_action_callbacks'
  activesupport (5.0.0.1) lib/active_support/callbacks.rb:90:in `run_callbacks'
  actionpack (5.0.0.1) lib/abstract_controller/callbacks.rb:19:in `process_action'
  actionpack (5.0.0.1) lib/action_controller/metal/rescue.rb:20:in `process_action'
  actionpack (5.0.0.1) lib/action_controller/metal/instrumentation.rb:32:in `block in process_action'
  activesupport (5.0.0.1) lib/active_support/notifications.rb:164:in `block in instrument'
  activesupport (5.0.0.1) lib/active_support/notifications/instrumenter.rb:21:in `instrument'
  activesupport (5.0.0.1) lib/active_support/notifications.rb:164:in `instrument'
  actionpack (5.0.0.1) lib/action_controller/metal/instrumentation.rb:30:in `process_action'
  actionpack (5.0.0.1) lib/action_controller/metal/params_wrapper.rb:248:in `process_action'
  activerecord (5.0.0.1) lib/active_record/railties/controller_runtime.rb:18:in `process_action'
  actionpack (5.0.0.1) lib/abstract_controller/base.rb:126:in `process'
  actionview (5.0.0.1) lib/action_view/rendering.rb:30:in `process'
  actionpack (5.0.0.1) lib/action_controller/metal.rb:190:in `dispatch'
  actionpack (5.0.0.1) lib/action_controller/metal.rb:262:in `dispatch'
  actionpack (5.0.0.1) lib/action_dispatch/routing/route_set.rb:50:in `dispatch'
  actionpack (5.0.0.1) lib/action_dispatch/routing/route_set.rb:32:in `serve'
  actionpack (5.0.0.1) lib/action_dispatch/journey/router.rb:39:in `block in serve'
  actionpack (5.0.0.1) lib/action_dispatch/journey/router.rb:26:in `serve'
  actionpack (5.0.0.1) lib/action_dispatch/routing/route_set.rb:725:in `call'
  rack (2.0.1) lib/rack/etag.rb:25:in `call'
  rack (2.0.1) lib/rack/conditional_get.rb:38:in `call'
  rack (2.0.1) lib/rack/head.rb:12:in `call'
  rack (2.0.1) lib/rack/session/abstract/id.rb:222:in `context'
  rack (2.0.1) lib/rack/session/abstract/id.rb:216:in `call'
  actionpack (5.0.0.1) lib/action_dispatch/middleware/cookies.rb:613:in `call'
  activerecord (5.0.0.1) lib/active_record/migration.rb:552:in `call'
  actionpack (5.0.0.1) lib/action_dispatch/middleware/callbacks.rb:38:in `block in call'
  activesupport (5.0.0.1) lib/active_support/callbacks.rb:97:in `__run_callbacks__'
  activesupport (5.0.0.1) lib/active_support/callbacks.rb:750:in `_run_call_callbacks'
  activesupport (5.0.0.1) lib/active_support/callbacks.rb:90:in `run_callbacks'
  actionpack (5.0.0.1) lib/action_dispatch/middleware/callbacks.rb:36:in `call'
  actionpack (5.0.0.1) lib/action_dispatch/middleware/executor.rb:12:in `call'
  actionpack (5.0.0.1) lib/action_dispatch/middleware/remote_ip.rb:79:in `call'
  better_errors (2.1.1) lib/better_errors/middleware.rb:84:in `protected_app_call'
  better_errors (2.1.1) lib/better_errors/middleware.rb:79:in `better_errors_call'
  better_errors (2.1.1) lib/better_errors/middleware.rb:57:in `call'
  actionpack (5.0.0.1) lib/action_dispatch/middleware/debug_exceptions.rb:49:in `call'
  actionpack (5.0.0.1) lib/action_dispatch/middleware/show_exceptions.rb:31:in `call'
  railties (5.0.0.1) lib/rails/rack/logger.rb:36:in `call_app'
  railties (5.0.0.1) lib/rails/rack/logger.rb:24:in `block in call'
  activesupport (5.0.0.1) lib/active_support/tagged_logging.rb:70:in `block in tagged'
  activesupport (5.0.0.1) lib/active_support/tagged_logging.rb:26:in `tagged'
  activesupport (5.0.0.1) lib/active_support/tagged_logging.rb:70:in `tagged'
  railties (5.0.0.1) lib/rails/rack/logger.rb:24:in `call'
  sprockets-rails (3.1.1) lib/sprockets/rails/quiet_assets.rb:13:in `call'
  actionpack (5.0.0.1) lib/action_dispatch/middleware/request_id.rb:24:in `call'
  rack (2.0.1) lib/rack/method_override.rb:22:in `call'
  rack (2.0.1) lib/rack/runtime.rb:22:in `call'
  activesupport (5.0.0.1) lib/active_support/cache/strategy/local_cache_middleware.rb:28:in `call'
  actionpack (5.0.0.1) lib/action_dispatch/middleware/executor.rb:12:in `call'
  actionpack (5.0.0.1) lib/action_dispatch/middleware/static.rb:136:in `call'
  rack (2.0.1) lib/rack/sendfile.rb:111:in `call'
  railties (5.0.0.1) lib/rails/engine.rb:522:in `call'
  puma (3.6.0) lib/puma/configuration.rb:225:in `call'
  puma (3.6.0) lib/puma/server.rb:578:in `handle_request'
  puma (3.6.0) lib/puma/server.rb:415:in `process_client'
  puma (3.6.0) lib/puma/server.rb:275:in `block in run'
  puma (3.6.0) lib/puma/thread_pool.rb:116:in `block in spawn_thread'

Started POST "/__better_errors/49c49882b06760a1/variables" for ::1 at 2017-03-23 18:30:21 +0100
Started POST "/cocktails/2/doses" for ::1 at 2017-03-23 18:32:35 +0100
Processing by DosesController#create as HTML
  Parameters: {"utf8"=>"✓", "authenticity_token"=>"AZ1gFbx+yEJabUjBUgivcsPJIGbyYggRygSGGX6OISsH+FCIkrpXbb6gICWohM/06nB8tGC8kNAuhSgLMXQeHQ==", "dose"=>{"description"=>"", "ingredient_id"=>"6"}, "commit"=>"submit", "cocktail_id"=>"2"}
  [1m[36mCocktail Load (0.1ms)[0m  [1m[34mSELECT  "cocktails".* FROM "cocktails" WHERE "cocktails"."id" = $1 LIMIT $2[0m  [["id", 2], ["LIMIT", 1]]
  [1m[35m (0.2ms)[0m  [1m[35mBEGIN[0m
  [1m[36mIngredient Load (0.1ms)[0m  [1m[34mSELECT  "ingredients".* FROM "ingredients" WHERE "ingredients"."id" = $1 LIMIT $2[0m  [["id", 6], ["LIMIT", 1]]
  [1m[36mDose Exists (0.3ms)[0m  [1m[34mSELECT  1 AS one FROM "doses" WHERE "doses"."ingredient_id" = $1 AND "doses"."cocktail_id" = $2 LIMIT $3[0m  [["ingredient_id", 6], ["cocktail_id", 2], ["LIMIT", 1]]
  [1m[35m (0.2ms)[0m  [1m[31mROLLBACK[0m
  Rendering cocktails/show.html.erb within layouts/application
  [1m[36mDose Load (0.2ms)[0m  [1m[34mSELECT "doses".* FROM "doses" WHERE "doses"."cocktail_id" = $1[0m  [["cocktail_id", 2]]
  [1m[36mIngredient Load (0.1ms)[0m  [1m[34mSELECT  "ingredients".* FROM "ingredients" WHERE "ingredients"."id" = $1 LIMIT $2[0m  [["id", 2], ["LIMIT", 1]]
  [1m[36mIngredient Load (0.1ms)[0m  [1m[34mSELECT  "ingredients".* FROM "ingredients" WHERE "ingredients"."id" = $1 LIMIT $2[0m  [["id", 3], ["LIMIT", 1]]
  Rendered cocktails/show.html.erb within layouts/application (7.8ms)
Completed 200 OK in 53ms (Views: 22.3ms | ActiveRecord: 6.7ms)


Started POST "/cocktails/2/doses" for ::1 at 2017-03-23 18:32:53 +0100
Processing by DosesController#create as HTML
  Parameters: {"utf8"=>"✓", "authenticity_token"=>"zYAK5hQ6eTE63sYRDyzf72i+Piu8pZnJPCWS44nWnm/L5Tp7Ov7mHt4TrvX1oL9pQQdi+S57AQjYpDzxxiyhWQ==", "dose"=>{"description"=>"ddddd", "ingredient_id"=>"17"}, "commit"=>"submit", "cocktail_id"=>"2"}
  [1m[36mCocktail Load (0.7ms)[0m  [1m[34mSELECT  "cocktails".* FROM "cocktails" WHERE "cocktails"."id" = $1 LIMIT $2[0m  [["id", 2], ["LIMIT", 1]]
  [1m[35m (0.1ms)[0m  [1m[35mBEGIN[0m
  [1m[36mIngredient Load (0.3ms)[0m  [1m[34mSELECT  "ingredients".* FROM "ingredients" WHERE "ingredients"."id" = $1 LIMIT $2[0m  [["id", 17], ["LIMIT", 1]]
  [1m[36mDose Exists (0.3ms)[0m  [1m[34mSELECT  1 AS one FROM "doses" WHERE "doses"."ingredient_id" IS NULL AND "doses"."cocktail_id" = $1 LIMIT $2[0m  [["cocktail_id", 2], ["LIMIT", 1]]
  [1m[35m (0.1ms)[0m  [1m[31mROLLBACK[0m
  Rendering cocktails/show.html.erb within layouts/application
  [1m[36mDose Load (0.3ms)[0m  [1m[34mSELECT "doses".* FROM "doses" WHERE "doses"."cocktail_id" = $1[0m  [["cocktail_id", 2]]
  [1m[36mIngredient Load (0.2ms)[0m  [1m[34mSELECT  "ingredients".* FROM "ingredients" WHERE "ingredients"."id" = $1 LIMIT $2[0m  [["id", 2], ["LIMIT", 1]]
  [1m[36mIngredient Load (0.2ms)[0m  [1m[34mSELECT  "ingredients".* FROM "ingredients" WHERE "ingredients"."id" = $1 LIMIT $2[0m  [["id", 3], ["LIMIT", 1]]
  Rendered cocktails/show.html.erb within layouts/application (9.5ms)
Completed 200 OK in 35ms (Views: 26.5ms | ActiveRecord: 2.3ms)


